#
# There is insufficient memory for the Java Runtime Environment to continue.
# Native memory allocation (malloc) failed to allocate 1345536 bytes. Error detail: Chunk::new
# Possible reasons:
#   The system is out of physical RAM or swap space
#   This process is running with CompressedOops enabled, and the Java Heap may be blocking the growth of the native heap
# Possible solutions:
#   Reduce memory load on the system
#   Increase physical memory or swap space
#   Check if swap backing store is full
#   Decrease Java heap size (-Xmx/-Xms)
#   Decrease number of Java threads
#   Decrease Java thread stack sizes (-Xss)
#   Set larger code cache with -XX:ReservedCodeCacheSize=
#   JVM is running with Unscaled Compressed Oops mode in which the Java heap is
#     placed in the first 4GB address space. The Java Heap base address is the
#     maximum limit for the native heap growth. Please use -XX:HeapBaseMinAddress
#     to set the Java Heap base and to place the Java Heap above 4GB virtual address.
# This output file may be truncated or incomplete.
#
#  Out of Memory Error (arena.cpp:168), pid=20332, tid=3000
#
# JRE version: OpenJDK Runtime Environment (21.0.6) (build 21.0.6+-13391695-b895.109)
# Java VM: OpenJDK 64-Bit Server VM (21.0.6+-13391695-b895.109, mixed mode, tiered, compressed oops, compressed class ptrs, g1 gc, windows-amd64)
# No core dump will be written. Minidumps are not enabled by default on client versions of Windows
#

---------------  S U M M A R Y ------------

Command Line: --add-opens=java.base/java.lang=ALL-UNNAMED --add-opens=java.base/java.lang.invoke=ALL-UNNAMED --add-opens=java.base/java.util=ALL-UNNAMED --add-opens=java.prefs/java.util.prefs=ALL-UNNAMED --add-exports=jdk.compiler/com.sun.tools.javac.api=ALL-UNNAMED --add-exports=jdk.compiler/com.sun.tools.javac.util=ALL-UNNAMED --add-opens=java.base/java.util=ALL-UNNAMED --add-opens=java.prefs/java.util.prefs=ALL-UNNAMED --add-opens=java.base/java.nio.charset=ALL-UNNAMED --add-opens=java.base/java.net=ALL-UNNAMED --add-opens=java.base/java.util.concurrent.atomic=ALL-UNNAMED --add-opens=java.xml/javax.xml.namespace=ALL-UNNAMED -Xmx2048m -Dfile.encoding=UTF-8 -Duser.country=US -Duser.language=en -Duser.variant -javaagent:C:\Users\USER\.gradle\wrapper\dists\gradle-8.13-bin\5xuhj0ry160q40clulazy9h7d\gradle-8.13\lib\agents\gradle-instrumentation-agent-8.13.jar org.gradle.launcher.daemon.bootstrap.GradleDaemon 8.13

Host: AMD Ryzen 7 5700U with Radeon Graphics         , 16 cores, 15G,  Windows 11 , 64 bit Build 26100 (10.0.26100.5074)
Time: Mon Sep 15 17:47:43 2025 Sri Lanka Standard Time elapsed time: 13.730955 seconds (0d 0h 0m 13s)

---------------  T H R E A D  ---------------

Current thread (0x000001162d124da0):  JavaThread "C2 CompilerThread1" daemon [_thread_in_native, id=3000, stack(0x00000001d5d00000,0x00000001d5e00000) (1024K)]


Current CompileTask:
C2:13731 7601       4       sun.security.ec.ECOperations::setDouble (463 bytes)

Stack: [0x00000001d5d00000,0x00000001d5e00000]
Native frames: (J=compiled Java code, j=interpreted, Vv=VM code, C=native code)
V  [jvm.dll+0x6d0639]
V  [jvm.dll+0x85eb03]
V  [jvm.dll+0x86105e]
V  [jvm.dll+0x861743]
V  [jvm.dll+0x27e6e6]
V  [jvm.dll+0xbff6d]
V  [jvm.dll+0xc04a3]
V  [jvm.dll+0x3b61ab]
V  [jvm.dll+0x3820c7]
V  [jvm.dll+0x38153a]
V  [jvm.dll+0x247c82]
V  [jvm.dll+0x247251]
V  [jvm.dll+0x1c5f04]
V  [jvm.dll+0x2569ac]
V  [jvm.dll+0x254ef6]
V  [jvm.dll+0x3f0e96]
V  [jvm.dll+0x806ed8]
V  [jvm.dll+0x6cef0d]
C  [ucrtbase.dll+0x37b0]
C  [KERNEL32.DLL+0x2e8d7]
C  [ntdll.dll+0x8d9c]


---------------  P R O C E S S  ---------------

Threads class SMR info:
_java_thread_list=0x000001162ce88df0, length=73, elements={
0x000001160c6ec080, 0x0000011626893780, 0x00000116268952e0, 0x000001162689a840,
0x0000011626878960, 0x0000011626882980, 0x00000116268797a0, 0x00000116268a4330,
0x00000116268992b0, 0x000001162670c7a0, 0x0000011626a819b0, 0x000001162b15c560,
0x000001162c45c4c0, 0x000001162cf78410, 0x000001162d04cd40, 0x000001162d1668e0,
0x000001162d1653a0, 0x000001162d14b870, 0x000001162d1b24e0, 0x000001162cfa6710,
0x000001162cfa7430, 0x000001162cfa5360, 0x000001162cfa4640, 0x000001162cfa59f0,
0x000001162cfa6080, 0x000001162cfa4cd0, 0x000001162fe4d8f0, 0x000001162fe4df80,
0x000001162fe4beb0, 0x000001162fe4cbd0, 0x000001162fe4eca0, 0x000001162fe4d260,
0x000001162fe4e610, 0x000001162fe4b820, 0x000001162fe4f330, 0x000001162fe4f9c0,
0x000001162fe4c540, 0x000001162fe506e0, 0x000001162fe51400, 0x000001162fe51a90,
0x000001162fe52120, 0x000001162fe52e40, 0x000001162fe50d70, 0x000001162fe527b0,
0x000001162fe50050, 0x000001162dbd2b50, 0x000001162dbd31e0, 0x000001162dbcfd60,
0x000001162dbd3870, 0x000001162dbd52b0, 0x000001162dbd3f00, 0x000001162dbd4590,
0x000001162dbd4c20, 0x000001162dbd1e30, 0x000001162dbd5940, 0x000001162dbd5fd0,
0x000001162dbd6660, 0x000001162dbd6cf0, 0x0000011631a41b60, 0x0000011631a414d0,
0x0000011631a42880, 0x0000011631a421f0, 0x0000011631a40e40, 0x0000011631a3f400,
0x0000011631a3fa90, 0x0000011631a42f10, 0x0000011631a435a0, 0x0000011631a40120,
0x0000011631a43c30, 0x0000011631a407b0, 0x000001162d124da0, 0x000001162d125b40,
0x000001162e9b1620
}

Java Threads: ( => current thread )
  0x000001160c6ec080 JavaThread "main"                              [_thread_blocked, id=2352, stack(0x00000001d2900000,0x00000001d2a00000) (1024K)]
  0x0000011626893780 JavaThread "Reference Handler"          daemon [_thread_blocked, id=13968, stack(0x00000001d3100000,0x00000001d3200000) (1024K)]
  0x00000116268952e0 JavaThread "Finalizer"                  daemon [_thread_blocked, id=15508, stack(0x00000001d3200000,0x00000001d3300000) (1024K)]
  0x000001162689a840 JavaThread "Signal Dispatcher"          daemon [_thread_blocked, id=27412, stack(0x00000001d3300000,0x00000001d3400000) (1024K)]
  0x0000011626878960 JavaThread "Attach Listener"            daemon [_thread_blocked, id=8020, stack(0x00000001d3400000,0x00000001d3500000) (1024K)]
  0x0000011626882980 JavaThread "Service Thread"             daemon [_thread_blocked, id=7120, stack(0x00000001d3500000,0x00000001d3600000) (1024K)]
  0x00000116268797a0 JavaThread "Monitor Deflation Thread"   daemon [_thread_blocked, id=26672, stack(0x00000001d3600000,0x00000001d3700000) (1024K)]
  0x00000116268a4330 JavaThread "C2 CompilerThread0"         daemon [_thread_blocked, id=17720, stack(0x00000001d3700000,0x00000001d3800000) (1024K)]
  0x00000116268992b0 JavaThread "C1 CompilerThread0"         daemon [_thread_blocked, id=25692, stack(0x00000001d3800000,0x00000001d3900000) (1024K)]
  0x000001162670c7a0 JavaThread "Common-Cleaner"             daemon [_thread_blocked, id=27712, stack(0x00000001d3900000,0x00000001d3a00000) (1024K)]
  0x0000011626a819b0 JavaThread "C1 CompilerThread1"         daemon [_thread_blocked, id=23564, stack(0x00000001d3a00000,0x00000001d3b00000) (1024K)]
  0x000001162b15c560 JavaThread "Notification Thread"        daemon [_thread_blocked, id=24712, stack(0x00000001d3c00000,0x00000001d3d00000) (1024K)]
  0x000001162c45c4c0 JavaThread "Daemon health stats"               [_thread_blocked, id=27760, stack(0x00000001d4900000,0x00000001d4a00000) (1024K)]
  0x000001162cf78410 JavaThread "Incoming local TCP Connector on port 5759"        [_thread_in_native, id=25856, stack(0x00000001d4a00000,0x00000001d4b00000) (1024K)]
  0x000001162d04cd40 JavaThread "Daemon periodic checks"            [_thread_blocked, id=27212, stack(0x00000001d4b00000,0x00000001d4c00000) (1024K)]
  0x000001162d1668e0 JavaThread "Daemon"                            [_thread_blocked, id=19544, stack(0x00000001d4c00000,0x00000001d4d00000) (1024K)]
  0x000001162d1653a0 JavaThread "Handler for socket connection from /127.0.0.1:5759 to /127.0.0.1:5760"        [_thread_in_native, id=10144, stack(0x00000001d4d00000,0x00000001d4e00000) (1024K)]
  0x000001162d14b870 JavaThread "Cancel handler"                    [_thread_blocked, id=1712, stack(0x00000001d4e00000,0x00000001d4f00000) (1024K)]
  0x000001162d1b24e0 JavaThread "Daemon worker"                     [_thread_in_vm, id=12432, stack(0x00000001d4f00000,0x00000001d5000000) (1024K)]
  0x000001162cfa6710 JavaThread "Asynchronous log dispatcher for DefaultDaemonConnection: socket connection from /127.0.0.1:5759 to /127.0.0.1:5760"        [_thread_blocked, id=28388, stack(0x00000001d5000000,0x00000001d5100000) (1024K)]
  0x000001162cfa7430 JavaThread "Stdin handler"                     [_thread_blocked, id=14176, stack(0x00000001d5100000,0x00000001d5200000) (1024K)]
  0x000001162cfa5360 JavaThread "Daemon client event forwarder"        [_thread_blocked, id=7908, stack(0x00000001d5200000,0x00000001d5300000) (1024K)]
  0x000001162cfa4640 JavaThread "Cache worker for journal cache (C:\Users\USER\.gradle\caches\journal-1)"        [_thread_blocked, id=3280, stack(0x00000001d3e00000,0x00000001d3f00000) (1024K)]
  0x000001162cfa59f0 JavaThread "File lock request listener"        [_thread_in_native, id=28060, stack(0x00000001d3f00000,0x00000001d4000000) (1024K)]
  0x000001162cfa6080 JavaThread "Cache worker for file hash cache (C:\Users\USER\.gradle\caches\8.13\fileHashes)"        [_thread_blocked, id=25032, stack(0x00000001d5900000,0x00000001d5a00000) (1024K)]
  0x000001162cfa4cd0 JavaThread "Cache worker for file hash cache (C:\Users\USER\AndroidStudioProjects\ChatApp\.gradle\8.13\fileHashes)"        [_thread_blocked, id=27316, stack(0x00000001d5b00000,0x00000001d5c00000) (1024K)]
  0x000001162fe4d8f0 JavaThread "Cache worker for Build Output Cleanup Cache (C:\Users\USER\AndroidStudioProjects\ChatApp\.gradle\buildOutputCleanup)"        [_thread_blocked, id=10944, stack(0x00000001d5c00000,0x00000001d5d00000) (1024K)]
  0x000001162fe4df80 JavaThread "File watcher server"        daemon [_thread_in_native, id=18132, stack(0x00000001d3d00000,0x00000001d3e00000) (1024K)]
  0x000001162fe4beb0 JavaThread "File watcher consumer"      daemon [_thread_blocked, id=28124, stack(0x00000001d5a00000,0x00000001d5b00000) (1024K)]
  0x000001162fe4cbd0 JavaThread "jar transforms"                    [_thread_blocked, id=22348, stack(0x00000001d5e00000,0x00000001d5f00000) (1024K)]
  0x000001162fe4eca0 JavaThread "jar transforms Thread 2"           [_thread_blocked, id=22280, stack(0x00000001d5f00000,0x00000001d6000000) (1024K)]
  0x000001162fe4d260 JavaThread "jar transforms Thread 3"           [_thread_blocked, id=14076, stack(0x00000001d6000000,0x00000001d6100000) (1024K)]
  0x000001162fe4e610 JavaThread "jar transforms Thread 4"           [_thread_blocked, id=13044, stack(0x00000001d6100000,0x00000001d6200000) (1024K)]
  0x000001162fe4b820 JavaThread "jar transforms Thread 5"           [_thread_blocked, id=19056, stack(0x00000001d6200000,0x00000001d6300000) (1024K)]
  0x000001162fe4f330 JavaThread "jar transforms Thread 6"           [_thread_blocked, id=27368, stack(0x00000001d6300000,0x00000001d6400000) (1024K)]
  0x000001162fe4f9c0 JavaThread "jar transforms Thread 7"           [_thread_blocked, id=25428, stack(0x00000001d6400000,0x00000001d6500000) (1024K)]
  0x000001162fe4c540 JavaThread "jar transforms Thread 8"           [_thread_blocked, id=11648, stack(0x00000001d6500000,0x00000001d6600000) (1024K)]
  0x000001162fe506e0 JavaThread "jar transforms Thread 9"           [_thread_blocked, id=13392, stack(0x00000001d6600000,0x00000001d6700000) (1024K)]
  0x000001162fe51400 JavaThread "jar transforms Thread 10"          [_thread_blocked, id=18708, stack(0x00000001d6700000,0x00000001d6800000) (1024K)]
  0x000001162fe51a90 JavaThread "jar transforms Thread 11"          [_thread_blocked, id=23256, stack(0x00000001d6800000,0x00000001d6900000) (1024K)]
  0x000001162fe52120 JavaThread "jar transforms Thread 12"          [_thread_blocked, id=25112, stack(0x00000001d6900000,0x00000001d6a00000) (1024K)]
  0x000001162fe52e40 JavaThread "jar transforms Thread 13"          [_thread_blocked, id=27892, stack(0x00000001d6a00000,0x00000001d6b00000) (1024K)]
  0x000001162fe50d70 JavaThread "jar transforms Thread 14"          [_thread_blocked, id=3008, stack(0x00000001d6b00000,0x00000001d6c00000) (1024K)]
  0x000001162fe527b0 JavaThread "jar transforms Thread 15"          [_thread_blocked, id=9684, stack(0x00000001d6c00000,0x00000001d6d00000) (1024K)]
  0x000001162fe50050 JavaThread "jar transforms Thread 16"          [_thread_blocked, id=17632, stack(0x00000001d6d00000,0x00000001d6e00000) (1024K)]
  0x000001162dbd2b50 JavaThread "Cache worker for checksums cache (C:\Users\USER\AndroidStudioProjects\ChatApp\.gradle\8.13\checksums)"        [_thread_blocked, id=2612, stack(0x00000001d7100000,0x00000001d7200000) (1024K)]
  0x000001162dbd31e0 JavaThread "Cache worker for file content cache (C:\Users\USER\.gradle\caches\8.13\fileContent)"        [_thread_blocked, id=21416, stack(0x00000001d7200000,0x00000001d7300000) (1024K)]
  0x000001162dbcfd60 JavaThread "Cache worker for cache directory md-supplier (C:\Users\USER\.gradle\caches\8.13\md-supplier)"        [_thread_blocked, id=19616, stack(0x00000001d7300000,0x00000001d7400000) (1024K)]
  0x000001162dbd3870 JavaThread "Cache worker for cache directory md-rule (C:\Users\USER\.gradle\caches\8.13\md-rule)"        [_thread_blocked, id=26680, stack(0x00000001d7400000,0x00000001d7500000) (1024K)]
  0x000001162dbd52b0 JavaThread "Unconstrained build operations"        [_thread_blocked, id=25416, stack(0x00000001d6f00000,0x00000001d7000000) (1024K)]
  0x000001162dbd3f00 JavaThread "Unconstrained build operations Thread 2"        [_thread_blocked, id=22736, stack(0x00000001d7000000,0x00000001d7100000) (1024K)]
  0x000001162dbd4590 JavaThread "Unconstrained build operations Thread 3"        [_thread_blocked, id=28488, stack(0x00000001d7500000,0x00000001d7600000) (1024K)]
  0x000001162dbd4c20 JavaThread "Unconstrained build operations Thread 4"        [_thread_blocked, id=11716, stack(0x00000001d7600000,0x00000001d7700000) (1024K)]
  0x000001162dbd1e30 JavaThread "Unconstrained build operations Thread 5"        [_thread_blocked, id=10784, stack(0x00000001d6e00000,0x00000001d6f00000) (1024K)]
  0x000001162dbd5940 JavaThread "Unconstrained build operations Thread 6"        [_thread_blocked, id=16816, stack(0x00000001d7700000,0x00000001d7800000) (1024K)]
  0x000001162dbd5fd0 JavaThread "Unconstrained build operations Thread 7"        [_thread_blocked, id=18064, stack(0x00000001d7800000,0x00000001d7900000) (1024K)]
  0x000001162dbd6660 JavaThread "Unconstrained build operations Thread 8"        [_thread_blocked, id=5568, stack(0x00000001d7900000,0x00000001d7a00000) (1024K)]
  0x000001162dbd6cf0 JavaThread "Unconstrained build operations Thread 9"        [_thread_blocked, id=14552, stack(0x00000001d7a00000,0x00000001d7b00000) (1024K)]
  0x0000011631a41b60 JavaThread "Unconstrained build operations Thread 10"        [_thread_blocked, id=28056, stack(0x00000001d7b00000,0x00000001d7c00000) (1024K)]
  0x0000011631a414d0 JavaThread "Unconstrained build operations Thread 11"        [_thread_blocked, id=23200, stack(0x00000001d7c00000,0x00000001d7d00000) (1024K)]
  0x0000011631a42880 JavaThread "Unconstrained build operations Thread 12"        [_thread_blocked, id=12156, stack(0x00000001d7d00000,0x00000001d7e00000) (1024K)]
  0x0000011631a421f0 JavaThread "Unconstrained build operations Thread 13"        [_thread_blocked, id=28204, stack(0x00000001d7e00000,0x00000001d7f00000) (1024K)]
  0x0000011631a40e40 JavaThread "Unconstrained build operations Thread 14"        [_thread_blocked, id=19752, stack(0x00000001d7f00000,0x00000001d8000000) (1024K)]
  0x0000011631a3f400 JavaThread "Unconstrained build operations Thread 15"        [_thread_blocked, id=22996, stack(0x00000001d8000000,0x00000001d8100000) (1024K)]
  0x0000011631a3fa90 JavaThread "Unconstrained build operations Thread 16"        [_thread_blocked, id=27324, stack(0x00000001d8100000,0x00000001d8200000) (1024K)]
  0x0000011631a42f10 JavaThread "Unconstrained build operations Thread 17"        [_thread_blocked, id=11672, stack(0x00000001d8200000,0x00000001d8300000) (1024K)]
  0x0000011631a435a0 JavaThread "Unconstrained build operations Thread 18"        [_thread_blocked, id=21656, stack(0x00000001d8300000,0x00000001d8400000) (1024K)]
  0x0000011631a40120 JavaThread "Unconstrained build operations Thread 19"        [_thread_blocked, id=16020, stack(0x00000001d8400000,0x00000001d8500000) (1024K)]
  0x0000011631a43c30 JavaThread "Unconstrained build operations Thread 20"        [_thread_blocked, id=20400, stack(0x00000001d8500000,0x00000001d8600000) (1024K)]
  0x0000011631a407b0 JavaThread "Unconstrained build operations Thread 21"        [_thread_blocked, id=26696, stack(0x00000001d8600000,0x00000001d8700000) (1024K)]
=>0x000001162d124da0 JavaThread "C2 CompilerThread1"         daemon [_thread_in_native, id=3000, stack(0x00000001d5d00000,0x00000001d5e00000) (1024K)]
  0x000001162d125b40 JavaThread "C2 CompilerThread2"         daemon [_thread_blocked, id=12344, stack(0x00000001d8700000,0x00000001d8800000) (1024K)]
  0x000001162e9b1620 JavaThread "C2 CompilerThread3"         daemon [_thread_blocked, id=24724, stack(0x00000001d8800000,0x00000001d8900000) (1024K)]
Total: 73

Other Threads:
  0x000001160c1101d0 VMThread "VM Thread"                           [id=21684, stack(0x00000001d3000000,0x00000001d3100000) (1024K)]
  0x00000116267f1910 WatcherThread "VM Periodic Task Thread"        [id=2720, stack(0x00000001d2f00000,0x00000001d3000000) (1024K)]
  0x000001160c110570 WorkerThread "GC Thread#0"                     [id=27984, stack(0x00000001d2a00000,0x00000001d2b00000) (1024K)]
  0x000001160c111050 WorkerThread "GC Thread#1"                     [id=21836, stack(0x00000001d4000000,0x00000001d4100000) (1024K)]
  0x000001160c1113f0 WorkerThread "GC Thread#2"                     [id=12984, stack(0x00000001d4100000,0x00000001d4200000) (1024K)]
  0x000001162b7031e0 WorkerThread "GC Thread#3"                     [id=14928, stack(0x00000001d4200000,0x00000001d4300000) (1024K)]
  0x000001162b702aa0 WorkerThread "GC Thread#4"                     [id=9028, stack(0x00000001d4300000,0x00000001d4400000) (1024K)]
  0x000001162b702e40 WorkerThread "GC Thread#5"                     [id=5076, stack(0x00000001d4500000,0x00000001d4600000) (1024K)]
  0x000001162b704b40 WorkerThread "GC Thread#6"                     [id=27328, stack(0x00000001d4600000,0x00000001d4700000) (1024K)]
  0x000001162b704060 WorkerThread "GC Thread#7"                     [id=21360, stack(0x00000001d4700000,0x00000001d4800000) (1024K)]
  0x000001162b703580 WorkerThread "GC Thread#8"                     [id=5672, stack(0x00000001d4800000,0x00000001d4900000) (1024K)]
  0x000001162b703cc0 WorkerThread "GC Thread#9"                     [id=27532, stack(0x00000001d5300000,0x00000001d5400000) (1024K)]
  0x000001162b702360 WorkerThread "GC Thread#10"                    [id=16036, stack(0x00000001d5400000,0x00000001d5500000) (1024K)]
  0x000001162b703920 WorkerThread "GC Thread#11"                    [id=4952, stack(0x00000001d5500000,0x00000001d5600000) (1024K)]
  0x000001162b705280 WorkerThread "GC Thread#12"                    [id=10232, stack(0x00000001d5600000,0x00000001d5700000) (1024K)]
  0x000001160c758090 ConcurrentGCThread "G1 Main Marker"            [id=11992, stack(0x00000001d2b00000,0x00000001d2c00000) (1024K)]
  0x000001160c10fe30 WorkerThread "G1 Conc#0"                       [id=28452, stack(0x00000001d2c00000,0x00000001d2d00000) (1024K)]
  0x000001162b7047a0 WorkerThread "G1 Conc#1"                       [id=14412, stack(0x00000001d5700000,0x00000001d5800000) (1024K)]
  0x000001162b705620 WorkerThread "G1 Conc#2"                       [id=11748, stack(0x00000001d5800000,0x00000001d5900000) (1024K)]
  0x0000011626661e30 ConcurrentGCThread "G1 Refine#0"               [id=28084, stack(0x00000001d2d00000,0x00000001d2e00000) (1024K)]
  0x0000011626663660 ConcurrentGCThread "G1 Service"                [id=11552, stack(0x00000001d2e00000,0x00000001d2f00000) (1024K)]
Total: 21

Threads with active compile tasks:
C2 CompilerThread1  13761 7601       4       sun.security.ec.ECOperations::setDouble (463 bytes)
Total: 1

VM state: not at safepoint (normal execution)

VM Mutex/Monitor currently owned by a thread: None

Heap address: 0x0000000080000000, size: 2048 MB, Compressed Oops mode: 32-bit

CDS archive(s) not mapped
Compressed class space mapped at: 0x0000000100000000-0x0000000140000000, reserved size: 1073741824
Narrow klass base: 0x0000000000000000, Narrow klass shift: 3, Narrow klass range: 0x140000000

GC Precious Log:
 CardTable entry size: 512
 Card Set container configuration: InlinePtr #cards 5 size 8 Array Of Cards #cards 12 size 40 Howl #buckets 4 coarsen threshold 1843 Howl Bitmap #cards 512 size 80 coarsen threshold 460 Card regions per heap region 1 cards per card region 2048
 CPUs: 16 total, 16 available
 Memory: 15706M
 Large Page Support: Disabled
 NUMA Support: Disabled
 Compressed Oops: Enabled (32-bit)
 Heap Region Size: 1M
 Heap Min Capacity: 8M
 Heap Initial Capacity: 246M
 Heap Max Capacity: 2G
 Pre-touch: Disabled
 Parallel Workers: 13
 Concurrent Workers: 3
 Concurrent Refinement Workers: 13
 Periodic GC: Disabled

Heap:
 garbage-first heap   total 165888K, used 127736K [0x0000000080000000, 0x0000000100000000)
  region size 1024K, 33 young (33792K), 5 survivors (5120K)
 Metaspace       used 79160K, committed 81088K, reserved 1179648K
  class space    used 10746K, committed 11712K, reserved 1048576K

Heap Regions: E=young(eden), S=young(survivor), O=old, HS=humongous(starts), HC=humongous(continues), CS=collection set, F=free, TAMS=top-at-mark-start, PB=parsable bottom
|   0|0x0000000080000000, 0x0000000080100000, 0x0000000080100000|100%|HS|  |TAMS 0x0000000080000000| PB 0x0000000080000000| Complete 
|   1|0x0000000080100000, 0x0000000080200000, 0x0000000080200000|100%|HC|  |TAMS 0x0000000080100000| PB 0x0000000080100000| Complete 
|   2|0x0000000080200000, 0x0000000080300000, 0x0000000080300000|100%|HC|  |TAMS 0x0000000080200000| PB 0x0000000080200000| Complete 
|   3|0x0000000080300000, 0x0000000080400000, 0x0000000080400000|100%| O|  |TAMS 0x0000000080300000| PB 0x0000000080300000| Untracked 
|   4|0x0000000080400000, 0x0000000080500000, 0x0000000080500000|100%| O|  |TAMS 0x0000000080400000| PB 0x0000000080400000| Untracked 
|   5|0x0000000080500000, 0x0000000080600000, 0x0000000080600000|100%| O|  |TAMS 0x0000000080500000| PB 0x0000000080500000| Untracked 
|   6|0x0000000080600000, 0x0000000080700000, 0x0000000080700000|100%|HS|  |TAMS 0x0000000080600000| PB 0x0000000080600000| Complete 
|   7|0x0000000080700000, 0x0000000080800000, 0x0000000080800000|100%| O|  |TAMS 0x0000000080700000| PB 0x0000000080700000| Untracked 
|   8|0x0000000080800000, 0x0000000080900000, 0x0000000080900000|100%| O|  |TAMS 0x0000000080800000| PB 0x0000000080800000| Untracked 
|   9|0x0000000080900000, 0x0000000080a00000, 0x0000000080a00000|100%| O|  |TAMS 0x0000000080900000| PB 0x0000000080900000| Untracked 
|  10|0x0000000080a00000, 0x0000000080b00000, 0x0000000080b00000|100%| O|  |TAMS 0x0000000080a00000| PB 0x0000000080a00000| Untracked 
|  11|0x0000000080b00000, 0x0000000080c00000, 0x0000000080c00000|100%| O|  |TAMS 0x0000000080b00000| PB 0x0000000080b00000| Untracked 
|  12|0x0000000080c00000, 0x0000000080d00000, 0x0000000080d00000|100%| O|  |TAMS 0x0000000080c00000| PB 0x0000000080c00000| Untracked 
|  13|0x0000000080d00000, 0x0000000080e00000, 0x0000000080e00000|100%| O|  |TAMS 0x0000000080d00000| PB 0x0000000080d00000| Untracked 
|  14|0x0000000080e00000, 0x0000000080f00000, 0x0000000080f00000|100%| O|  |TAMS 0x0000000080e00000| PB 0x0000000080e00000| Untracked 
|  15|0x0000000080f00000, 0x0000000081000000, 0x0000000081000000|100%| O|  |TAMS 0x0000000080f00000| PB 0x0000000080f00000| Untracked 
|  16|0x0000000081000000, 0x0000000081100000, 0x0000000081100000|100%| O|  |TAMS 0x0000000081000000| PB 0x0000000081000000| Untracked 
|  17|0x0000000081100000, 0x0000000081200000, 0x0000000081200000|100%| O|  |TAMS 0x0000000081100000| PB 0x0000000081100000| Untracked 
|  18|0x0000000081200000, 0x0000000081300000, 0x0000000081300000|100%| O|  |TAMS 0x0000000081200000| PB 0x0000000081200000| Untracked 
|  19|0x0000000081300000, 0x0000000081400000, 0x0000000081400000|100%| O|  |TAMS 0x0000000081300000| PB 0x0000000081300000| Untracked 
|  20|0x0000000081400000, 0x0000000081500000, 0x0000000081500000|100%| O|  |TAMS 0x0000000081400000| PB 0x0000000081400000| Untracked 
|  21|0x0000000081500000, 0x0000000081600000, 0x0000000081600000|100%|HS|  |TAMS 0x0000000081500000| PB 0x0000000081500000| Complete 
|  22|0x0000000081600000, 0x0000000081700000, 0x0000000081700000|100%|HS|  |TAMS 0x0000000081600000| PB 0x0000000081600000| Complete 
|  23|0x0000000081700000, 0x0000000081800000, 0x0000000081800000|100%|HC|  |TAMS 0x0000000081700000| PB 0x0000000081700000| Complete 
|  24|0x0000000081800000, 0x0000000081900000, 0x0000000081900000|100%|HC|  |TAMS 0x0000000081800000| PB 0x0000000081800000| Complete 
|  25|0x0000000081900000, 0x0000000081a00000, 0x0000000081a00000|100%|HC|  |TAMS 0x0000000081900000| PB 0x0000000081900000| Complete 
|  26|0x0000000081a00000, 0x0000000081b00000, 0x0000000081b00000|100%|HC|  |TAMS 0x0000000081a00000| PB 0x0000000081a00000| Complete 
|  27|0x0000000081b00000, 0x0000000081c00000, 0x0000000081c00000|100%|HC|  |TAMS 0x0000000081b00000| PB 0x0000000081b00000| Complete 
|  28|0x0000000081c00000, 0x0000000081d00000, 0x0000000081d00000|100%|HS|  |TAMS 0x0000000081c00000| PB 0x0000000081c00000| Complete 
|  29|0x0000000081d00000, 0x0000000081e00000, 0x0000000081e00000|100%|HS|  |TAMS 0x0000000081d00000| PB 0x0000000081d00000| Complete 
|  30|0x0000000081e00000, 0x0000000081f00000, 0x0000000081f00000|100%|HC|  |TAMS 0x0000000081e00000| PB 0x0000000081e00000| Complete 
|  31|0x0000000081f00000, 0x0000000082000000, 0x0000000082000000|100%|HC|  |TAMS 0x0000000081f00000| PB 0x0000000081f00000| Complete 
|  32|0x0000000082000000, 0x0000000082100000, 0x0000000082100000|100%|HC|  |TAMS 0x0000000082000000| PB 0x0000000082000000| Complete 
|  33|0x0000000082100000, 0x0000000082200000, 0x0000000082200000|100%|HS|  |TAMS 0x0000000082100000| PB 0x0000000082100000| Complete 
|  34|0x0000000082200000, 0x0000000082300000, 0x0000000082300000|100%|HC|  |TAMS 0x0000000082200000| PB 0x0000000082200000| Complete 
|  35|0x0000000082300000, 0x0000000082400000, 0x0000000082400000|100%|HS|  |TAMS 0x0000000082300000| PB 0x0000000082300000| Complete 
|  36|0x0000000082400000, 0x0000000082500000, 0x0000000082500000|100%|HS|  |TAMS 0x0000000082400000| PB 0x0000000082400000| Complete 
|  37|0x0000000082500000, 0x0000000082600000, 0x0000000082600000|100%|HC|  |TAMS 0x0000000082500000| PB 0x0000000082500000| Complete 
|  38|0x0000000082600000, 0x0000000082700000, 0x0000000082700000|100%|HC|  |TAMS 0x0000000082600000| PB 0x0000000082600000| Complete 
|  39|0x0000000082700000, 0x0000000082800000, 0x0000000082800000|100%|HC|  |TAMS 0x0000000082700000| PB 0x0000000082700000| Complete 
|  40|0x0000000082800000, 0x0000000082900000, 0x0000000082900000|100%|HC|  |TAMS 0x0000000082800000| PB 0x0000000082800000| Complete 
|  41|0x0000000082900000, 0x0000000082a00000, 0x0000000082a00000|100%|HC|  |TAMS 0x0000000082900000| PB 0x0000000082900000| Complete 
|  42|0x0000000082a00000, 0x0000000082b00000, 0x0000000082b00000|100%|HS|  |TAMS 0x0000000082a00000| PB 0x0000000082a00000| Complete 
|  43|0x0000000082b00000, 0x0000000082c00000, 0x0000000082c00000|100%|HS|  |TAMS 0x0000000082b00000| PB 0x0000000082b00000| Complete 
|  44|0x0000000082c00000, 0x0000000082d00000, 0x0000000082d00000|100%|HC|  |TAMS 0x0000000082c00000| PB 0x0000000082c00000| Complete 
|  45|0x0000000082d00000, 0x0000000082e00000, 0x0000000082e00000|100%|HC|  |TAMS 0x0000000082d00000| PB 0x0000000082d00000| Complete 
|  46|0x0000000082e00000, 0x0000000082f00000, 0x0000000082f00000|100%|HC|  |TAMS 0x0000000082e00000| PB 0x0000000082e00000| Complete 
|  47|0x0000000082f00000, 0x0000000083000000, 0x0000000083000000|100%|HS|  |TAMS 0x0000000082f00000| PB 0x0000000082f00000| Complete 
|  48|0x0000000083000000, 0x0000000083100000, 0x0000000083100000|100%|HC|  |TAMS 0x0000000083000000| PB 0x0000000083000000| Complete 
|  49|0x0000000083100000, 0x0000000083200000, 0x0000000083200000|100%|HS|  |TAMS 0x0000000083100000| PB 0x0000000083100000| Complete 
|  50|0x0000000083200000, 0x0000000083300000, 0x0000000083300000|100%| O|  |TAMS 0x0000000083200000| PB 0x0000000083200000| Untracked 
|  51|0x0000000083300000, 0x0000000083400000, 0x0000000083400000|100%| O|  |TAMS 0x0000000083300000| PB 0x0000000083300000| Untracked 
|  52|0x0000000083400000, 0x0000000083500000, 0x0000000083500000|100%| O|  |TAMS 0x0000000083400000| PB 0x0000000083400000| Untracked 
|  53|0x0000000083500000, 0x0000000083600000, 0x0000000083600000|100%| O|  |TAMS 0x0000000083500000| PB 0x0000000083500000| Untracked 
|  54|0x0000000083600000, 0x0000000083700000, 0x0000000083700000|100%| O|  |TAMS 0x0000000083600000| PB 0x0000000083600000| Untracked 
|  55|0x0000000083700000, 0x00000000837c5d30, 0x0000000083800000| 77%| O|  |TAMS 0x0000000083700000| PB 0x0000000083700000| Untracked 
|  56|0x0000000083800000, 0x0000000083900000, 0x0000000083900000|100%| O|  |TAMS 0x0000000083800000| PB 0x0000000083800000| Untracked 
|  57|0x0000000083900000, 0x0000000083a00000, 0x0000000083a00000|100%| O|  |TAMS 0x0000000083900000| PB 0x0000000083900000| Untracked 
|  58|0x0000000083a00000, 0x0000000083b00000, 0x0000000083b00000|100%| O|Cm|TAMS 0x0000000083a00000| PB 0x0000000083a00000| Complete 
|  59|0x0000000083b00000, 0x0000000083c00000, 0x0000000083c00000|100%|HS|  |TAMS 0x0000000083b00000| PB 0x0000000083b00000| Complete 
|  60|0x0000000083c00000, 0x0000000083d00000, 0x0000000083d00000|100%|HC|  |TAMS 0x0000000083c00000| PB 0x0000000083c00000| Complete 
|  61|0x0000000083d00000, 0x0000000083e00000, 0x0000000083e00000|100%|HS|  |TAMS 0x0000000083d00000| PB 0x0000000083d00000| Complete 
|  62|0x0000000083e00000, 0x0000000083f00000, 0x0000000083f00000|100%| O|  |TAMS 0x0000000083e00000| PB 0x0000000083e00000| Untracked 
|  63|0x0000000083f00000, 0x0000000084000000, 0x0000000084000000|100%| O|  |TAMS 0x0000000083f00000| PB 0x0000000083f00000| Untracked 
|  64|0x0000000084000000, 0x0000000084100000, 0x0000000084100000|100%| O|  |TAMS 0x0000000084000000| PB 0x0000000084000000| Untracked 
|  65|0x0000000084100000, 0x0000000084200000, 0x0000000084200000|100%|HS|  |TAMS 0x0000000084100000| PB 0x0000000084100000| Complete 
|  66|0x0000000084200000, 0x0000000084300000, 0x0000000084300000|100%|HC|  |TAMS 0x0000000084200000| PB 0x0000000084200000| Complete 
|  67|0x0000000084300000, 0x0000000084400000, 0x0000000084400000|100%|HC|  |TAMS 0x0000000084300000| PB 0x0000000084300000| Complete 
|  68|0x0000000084400000, 0x0000000084500000, 0x0000000084500000|100%|HC|  |TAMS 0x0000000084400000| PB 0x0000000084400000| Complete 
|  69|0x0000000084500000, 0x0000000084600000, 0x0000000084600000|100%|HC|  |TAMS 0x0000000084500000| PB 0x0000000084500000| Complete 
|  70|0x0000000084600000, 0x0000000084700000, 0x0000000084700000|100%|HC|  |TAMS 0x0000000084600000| PB 0x0000000084600000| Complete 
|  71|0x0000000084700000, 0x0000000084800000, 0x0000000084800000|100%| O|  |TAMS 0x0000000084700000| PB 0x0000000084700000| Untracked 
|  72|0x0000000084800000, 0x0000000084900000, 0x0000000084900000|100%| O|  |TAMS 0x0000000084800000| PB 0x0000000084800000| Untracked 
|  73|0x0000000084900000, 0x0000000084a00000, 0x0000000084a00000|100%| O|  |TAMS 0x0000000084900000| PB 0x0000000084900000| Untracked 
|  74|0x0000000084a00000, 0x0000000084b00000, 0x0000000084b00000|100%| O|  |TAMS 0x0000000084a00000| PB 0x0000000084a00000| Untracked 
|  75|0x0000000084b00000, 0x0000000084c00000, 0x0000000084c00000|100%| O|  |TAMS 0x0000000084b00000| PB 0x0000000084b00000| Untracked 
|  76|0x0000000084c00000, 0x0000000084d00000, 0x0000000084d00000|100%| O|Cm|TAMS 0x0000000084c00000| PB 0x0000000084c00000| Complete 
|  77|0x0000000084d00000, 0x0000000084e00000, 0x0000000084e00000|100%| O|  |TAMS 0x0000000084d00000| PB 0x0000000084d00000| Untracked 
|  78|0x0000000084e00000, 0x0000000084e00000, 0x0000000084f00000|  0%| F|  |TAMS 0x0000000084e00000| PB 0x0000000084e00000| Untracked 
|  79|0x0000000084f00000, 0x0000000084f00000, 0x0000000085000000|  0%| F|  |TAMS 0x0000000084f00000| PB 0x0000000084f00000| Untracked 
|  80|0x0000000085000000, 0x0000000085100000, 0x0000000085100000|100%|HS|  |TAMS 0x0000000085000000| PB 0x0000000085000000| Complete 
|  81|0x0000000085100000, 0x0000000085200000, 0x0000000085200000|100%|HC|  |TAMS 0x0000000085100000| PB 0x0000000085100000| Complete 
|  82|0x0000000085200000, 0x0000000085300000, 0x0000000085300000|100%|HC|  |TAMS 0x0000000085200000| PB 0x0000000085200000| Complete 
|  83|0x0000000085300000, 0x0000000085400000, 0x0000000085400000|100%|HC|  |TAMS 0x0000000085300000| PB 0x0000000085300000| Complete 
|  84|0x0000000085400000, 0x0000000085500000, 0x0000000085500000|100%|HC|  |TAMS 0x0000000085400000| PB 0x0000000085400000| Complete 
|  85|0x0000000085500000, 0x0000000085600000, 0x0000000085600000|100%|HC|  |TAMS 0x0000000085500000| PB 0x0000000085500000| Complete 
|  86|0x0000000085600000, 0x0000000085600000, 0x0000000085700000|  0%| F|  |TAMS 0x0000000085600000| PB 0x0000000085600000| Untracked 
|  87|0x0000000085700000, 0x0000000085700000, 0x0000000085800000|  0%| F|  |TAMS 0x0000000085700000| PB 0x0000000085700000| Untracked 
|  88|0x0000000085800000, 0x0000000085800000, 0x0000000085900000|  0%| F|  |TAMS 0x0000000085800000| PB 0x0000000085800000| Untracked 
|  89|0x0000000085900000, 0x0000000085900000, 0x0000000085a00000|  0%| F|  |TAMS 0x0000000085900000| PB 0x0000000085900000| Untracked 
|  90|0x0000000085a00000, 0x0000000085a00000, 0x0000000085b00000|  0%| F|  |TAMS 0x0000000085a00000| PB 0x0000000085a00000| Untracked 
|  91|0x0000000085b00000, 0x0000000085b00000, 0x0000000085c00000|  0%| F|  |TAMS 0x0000000085b00000| PB 0x0000000085b00000| Untracked 
|  92|0x0000000085c00000, 0x0000000085c00000, 0x0000000085d00000|  0%| F|  |TAMS 0x0000000085c00000| PB 0x0000000085c00000| Untracked 
|  93|0x0000000085d00000, 0x0000000085d00000, 0x0000000085e00000|  0%| F|  |TAMS 0x0000000085d00000| PB 0x0000000085d00000| Untracked 
|  94|0x0000000085e00000, 0x0000000085e00000, 0x0000000085f00000|  0%| F|  |TAMS 0x0000000085e00000| PB 0x0000000085e00000| Untracked 
|  95|0x0000000085f00000, 0x0000000085f00000, 0x0000000086000000|  0%| F|  |TAMS 0x0000000085f00000| PB 0x0000000085f00000| Untracked 
|  96|0x0000000086000000, 0x0000000086000000, 0x0000000086100000|  0%| F|  |TAMS 0x0000000086000000| PB 0x0000000086000000| Untracked 
|  97|0x0000000086100000, 0x0000000086100000, 0x0000000086200000|  0%| F|  |TAMS 0x0000000086100000| PB 0x0000000086100000| Untracked 
|  98|0x0000000086200000, 0x0000000086200000, 0x0000000086300000|  0%| F|  |TAMS 0x0000000086200000| PB 0x0000000086200000| Untracked 
|  99|0x0000000086300000, 0x0000000086300000, 0x0000000086400000|  0%| F|  |TAMS 0x0000000086300000| PB 0x0000000086300000| Untracked 
| 100|0x0000000086400000, 0x0000000086400000, 0x0000000086500000|  0%| F|  |TAMS 0x0000000086400000| PB 0x0000000086400000| Untracked 
| 101|0x0000000086500000, 0x0000000086500000, 0x0000000086600000|  0%| F|  |TAMS 0x0000000086500000| PB 0x0000000086500000| Untracked 
| 102|0x0000000086600000, 0x0000000086600000, 0x0000000086700000|  0%| F|  |TAMS 0x0000000086600000| PB 0x0000000086600000| Untracked 
| 103|0x0000000086700000, 0x0000000086700000, 0x0000000086800000|  0%| F|  |TAMS 0x0000000086700000| PB 0x0000000086700000| Untracked 
| 104|0x0000000086800000, 0x0000000086800000, 0x0000000086900000|  0%| F|  |TAMS 0x0000000086800000| PB 0x0000000086800000| Untracked 
| 105|0x0000000086900000, 0x0000000086900000, 0x0000000086a00000|  0%| F|  |TAMS 0x0000000086900000| PB 0x0000000086900000| Untracked 
| 106|0x0000000086a00000, 0x0000000086a00000, 0x0000000086b00000|  0%| F|  |TAMS 0x0000000086a00000| PB 0x0000000086a00000| Untracked 
| 107|0x0000000086b00000, 0x0000000086b00000, 0x0000000086c00000|  0%| F|  |TAMS 0x0000000086b00000| PB 0x0000000086b00000| Untracked 
| 108|0x0000000086c00000, 0x0000000086cf85b8, 0x0000000086d00000| 97%| S|CS|TAMS 0x0000000086c00000| PB 0x0000000086c00000| Complete 
| 109|0x0000000086d00000, 0x0000000086e00000, 0x0000000086e00000|100%| S|CS|TAMS 0x0000000086d00000| PB 0x0000000086d00000| Complete 
| 110|0x0000000086e00000, 0x0000000086f00000, 0x0000000086f00000|100%| S|CS|TAMS 0x0000000086e00000| PB 0x0000000086e00000| Complete 
| 111|0x0000000086f00000, 0x0000000087000000, 0x0000000087000000|100%| S|CS|TAMS 0x0000000086f00000| PB 0x0000000086f00000| Complete 
| 112|0x0000000087000000, 0x0000000087100000, 0x0000000087100000|100%| S|CS|TAMS 0x0000000087000000| PB 0x0000000087000000| Complete 
| 113|0x0000000087100000, 0x0000000087100000, 0x0000000087200000|  0%| F|  |TAMS 0x0000000087100000| PB 0x0000000087100000| Untracked 
| 114|0x0000000087200000, 0x0000000087200000, 0x0000000087300000|  0%| F|  |TAMS 0x0000000087200000| PB 0x0000000087200000| Untracked 
| 115|0x0000000087300000, 0x0000000087300000, 0x0000000087400000|  0%| F|  |TAMS 0x0000000087300000| PB 0x0000000087300000| Untracked 
| 116|0x0000000087400000, 0x0000000087400000, 0x0000000087500000|  0%| F|  |TAMS 0x0000000087400000| PB 0x0000000087400000| Untracked 
| 117|0x0000000087500000, 0x0000000087500000, 0x0000000087600000|  0%| F|  |TAMS 0x0000000087500000| PB 0x0000000087500000| Untracked 
| 118|0x0000000087600000, 0x0000000087600000, 0x0000000087700000|  0%| F|  |TAMS 0x0000000087600000| PB 0x0000000087600000| Untracked 
| 119|0x0000000087700000, 0x0000000087700000, 0x0000000087800000|  0%| F|  |TAMS 0x0000000087700000| PB 0x0000000087700000| Untracked 
| 120|0x0000000087800000, 0x0000000087800000, 0x0000000087900000|  0%| F|  |TAMS 0x0000000087800000| PB 0x0000000087800000| Untracked 
| 121|0x0000000087900000, 0x0000000087900000, 0x0000000087a00000|  0%| F|  |TAMS 0x0000000087900000| PB 0x0000000087900000| Untracked 
| 122|0x0000000087a00000, 0x0000000087a00000, 0x0000000087b00000|  0%| F|  |TAMS 0x0000000087a00000| PB 0x0000000087a00000| Untracked 
| 123|0x0000000087b00000, 0x0000000087b00000, 0x0000000087c00000|  0%| F|  |TAMS 0x0000000087b00000| PB 0x0000000087b00000| Untracked 
| 124|0x0000000087c00000, 0x0000000087c00000, 0x0000000087d00000|  0%| F|  |TAMS 0x0000000087c00000| PB 0x0000000087c00000| Untracked 
| 125|0x0000000087d00000, 0x0000000087e00000, 0x0000000087e00000|100%| E|  |TAMS 0x0000000087d00000| PB 0x0000000087d00000| Complete 
| 126|0x0000000087e00000, 0x0000000087f00000, 0x0000000087f00000|100%| E|CS|TAMS 0x0000000087e00000| PB 0x0000000087e00000| Complete 
| 127|0x0000000087f00000, 0x0000000088000000, 0x0000000088000000|100%| E|CS|TAMS 0x0000000087f00000| PB 0x0000000087f00000| Complete 
| 128|0x0000000088000000, 0x0000000088100000, 0x0000000088100000|100%| E|CS|TAMS 0x0000000088000000| PB 0x0000000088000000| Complete 
| 129|0x0000000088100000, 0x0000000088200000, 0x0000000088200000|100%| E|CS|TAMS 0x0000000088100000| PB 0x0000000088100000| Complete 
| 130|0x0000000088200000, 0x0000000088300000, 0x0000000088300000|100%| E|CS|TAMS 0x0000000088200000| PB 0x0000000088200000| Complete 
| 131|0x0000000088300000, 0x0000000088400000, 0x0000000088400000|100%| E|CS|TAMS 0x0000000088300000| PB 0x0000000088300000| Complete 
| 132|0x0000000088400000, 0x0000000088500000, 0x0000000088500000|100%| E|CS|TAMS 0x0000000088400000| PB 0x0000000088400000| Complete 
| 133|0x0000000088500000, 0x0000000088600000, 0x0000000088600000|100%| E|CS|TAMS 0x0000000088500000| PB 0x0000000088500000| Complete 
| 134|0x0000000088600000, 0x0000000088700000, 0x0000000088700000|100%| E|CS|TAMS 0x0000000088600000| PB 0x0000000088600000| Complete 
| 135|0x0000000088700000, 0x0000000088800000, 0x0000000088800000|100%| E|CS|TAMS 0x0000000088700000| PB 0x0000000088700000| Complete 
| 136|0x0000000088800000, 0x0000000088900000, 0x0000000088900000|100%| E|CS|TAMS 0x0000000088800000| PB 0x0000000088800000| Complete 
| 137|0x0000000088900000, 0x0000000088a00000, 0x0000000088a00000|100%| E|CS|TAMS 0x0000000088900000| PB 0x0000000088900000| Complete 
| 138|0x0000000088a00000, 0x0000000088b00000, 0x0000000088b00000|100%| E|CS|TAMS 0x0000000088a00000| PB 0x0000000088a00000| Complete 
| 139|0x0000000088b00000, 0x0000000088c00000, 0x0000000088c00000|100%| E|CS|TAMS 0x0000000088b00000| PB 0x0000000088b00000| Complete 
| 140|0x0000000088c00000, 0x0000000088d00000, 0x0000000088d00000|100%| E|CS|TAMS 0x0000000088c00000| PB 0x0000000088c00000| Complete 
| 141|0x0000000088d00000, 0x0000000088e00000, 0x0000000088e00000|100%| E|CS|TAMS 0x0000000088d00000| PB 0x0000000088d00000| Complete 
| 142|0x0000000088e00000, 0x0000000088f00000, 0x0000000088f00000|100%| E|CS|TAMS 0x0000000088e00000| PB 0x0000000088e00000| Complete 
| 143|0x0000000088f00000, 0x0000000089000000, 0x0000000089000000|100%| E|CS|TAMS 0x0000000088f00000| PB 0x0000000088f00000| Complete 
| 215|0x000000008d700000, 0x000000008d800000, 0x000000008d800000|100%| E|CS|TAMS 0x000000008d700000| PB 0x000000008d700000| Complete 
| 216|0x000000008d800000, 0x000000008d900000, 0x000000008d900000|100%| E|CS|TAMS 0x000000008d800000| PB 0x000000008d800000| Complete 
| 217|0x000000008d900000, 0x000000008da00000, 0x000000008da00000|100%| E|CS|TAMS 0x000000008d900000| PB 0x000000008d900000| Complete 
| 218|0x000000008da00000, 0x000000008db00000, 0x000000008db00000|100%| E|CS|TAMS 0x000000008da00000| PB 0x000000008da00000| Complete 
| 219|0x000000008db00000, 0x000000008dc00000, 0x000000008dc00000|100%| E|CS|TAMS 0x000000008db00000| PB 0x000000008db00000| Complete 
| 220|0x000000008dc00000, 0x000000008dd00000, 0x000000008dd00000|100%| E|CS|TAMS 0x000000008dc00000| PB 0x000000008dc00000| Complete 
| 221|0x000000008dd00000, 0x000000008de00000, 0x000000008de00000|100%| E|CS|TAMS 0x000000008dd00000| PB 0x000000008dd00000| Complete 
| 222|0x000000008de00000, 0x000000008df00000, 0x000000008df00000|100%| E|CS|TAMS 0x000000008de00000| PB 0x000000008de00000| Complete 
| 245|0x000000008f500000, 0x000000008f600000, 0x000000008f600000|100%| E|CS|TAMS 0x000000008f500000| PB 0x000000008f500000| Complete 
|2039|0x00000000ff700000, 0x00000000ff800000, 0x00000000ff800000|100%| O|  |TAMS 0x00000000ff700000| PB 0x00000000ff700000| Untracked 
|2040|0x00000000ff800000, 0x00000000ff900000, 0x00000000ff900000|100%| O|  |TAMS 0x00000000ff800000| PB 0x00000000ff800000| Untracked 
|2041|0x00000000ff900000, 0x00000000ffa00000, 0x00000000ffa00000|100%| O|  |TAMS 0x00000000ff900000| PB 0x00000000ff900000| Untracked 
|2042|0x00000000ffa00000, 0x00000000ffb00000, 0x00000000ffb00000|100%| O|  |TAMS 0x00000000ffa00000| PB 0x00000000ffa00000| Untracked 
|2043|0x00000000ffb00000, 0x00000000ffc00000, 0x00000000ffc00000|100%| O|  |TAMS 0x00000000ffb00000| PB 0x00000000ffb00000| Untracked 
|2044|0x00000000ffc00000, 0x00000000ffd00000, 0x00000000ffd00000|100%| O|  |TAMS 0x00000000ffc00000| PB 0x00000000ffc00000| Untracked 
|2045|0x00000000ffd00000, 0x00000000ffe00000, 0x00000000ffe00000|100%| O|  |TAMS 0x00000000ffd00000| PB 0x00000000ffd00000| Untracked 
|2046|0x00000000ffe00000, 0x00000000fff00000, 0x00000000fff00000|100%| O|  |TAMS 0x00000000ffe00000| PB 0x00000000ffe00000| Untracked 
|2047|0x00000000fff00000, 0x0000000100000000, 0x0000000100000000|100%| O|  |TAMS 0x00000000fff00000| PB 0x00000000fff00000| Untracked 

Card table byte_map: [0x00000116212c0000,0x00000116216c0000] _byte_map_base: 0x0000011620ec0000

Marking Bits: (CMBitMap*) 0x000001160c7467a0
 Bits: [0x00000116216c0000, 0x00000116236c0000)

Polling page: 0x000001160c440000

Metaspace:

Usage:
  Non-class:     66.84 MB used.
      Class:     10.50 MB used.
       Both:     77.34 MB used.

Virtual space:
  Non-class space:      128.00 MB reserved,      67.75 MB ( 53%) committed,  2 nodes.
      Class space:        1.00 GB reserved,      11.44 MB (  1%) committed,  1 nodes.
             Both:        1.12 GB reserved,      79.19 MB (  7%) committed. 

Chunk freelists:
   Non-Class:  12.19 MB
       Class:  4.61 MB
        Both:  16.80 MB

MaxMetaspaceSize: unlimited
CompressedClassSpaceSize: 1.00 GB
Initial GC threshold: 21.00 MB
Current GC threshold: 114.19 MB
CDS: off
 - commit_granule_bytes: 65536.
 - commit_granule_words: 8192.
 - virtual_space_node_default_size: 8388608.
 - enlarge_chunks_in_place: 1.
 - use_allocation_guard: 0.


Internal statistics:

num_allocs_failed_limit: 6.
num_arena_births: 3426.
num_arena_deaths: 0.
num_vsnodes_births: 3.
num_vsnodes_deaths: 0.
num_space_committed: 1267.
num_space_uncommitted: 0.
num_chunks_returned_to_freelist: 6.
num_chunks_taken_from_freelist: 6620.
num_chunk_merges: 3.
num_chunk_splits: 4272.
num_chunks_enlarged: 2591.
num_inconsistent_stats: 0.

CodeHeap 'non-profiled nmethods': size=119168Kb used=4030Kb max_used=4030Kb free=115137Kb
 bounds [0x0000011618aa0000, 0x0000011618e90000, 0x000001161ff00000]
CodeHeap 'profiled nmethods': size=119104Kb used=13077Kb max_used=13077Kb free=106027Kb
 bounds [0x0000011610f00000, 0x0000011611bd0000, 0x0000011618350000]
CodeHeap 'non-nmethods': size=7488Kb used=3418Kb max_used=4544Kb free=4069Kb
 bounds [0x0000011618350000, 0x00000116187d0000, 0x0000011618aa0000]
 total_blobs=7699 nmethods=6747 adapters=851
 compilation: enabled
              stopped_count=0, restarted_count=0
 full_count=0

Compilation events (20 events):
Event: 12.705 Thread 0x0000011626a84460 nmethod 7634 0x0000011611ba1110 code [0x0000011611ba12e0, 0x0000011611ba1710]
Event: 12.705 Thread 0x0000011626a819b0 7635       3       com.sun.crypto.provider.GHASH::processBlock (37 bytes)
Event: 12.706 Thread 0x0000011626a819b0 nmethod 7635 0x0000011611ba1990 code [0x0000011611ba1c00, 0x0000011611ba2618]
Event: 12.706 Thread 0x000001162b2af080 7636       3       com.sun.crypto.provider.AESCrypt::implEncryptBlock (947 bytes)
Event: 12.707 Thread 0x0000011626a819b0 7637       3       com.sun.crypto.provider.AESCrypt::encryptBlock (10 bytes)
Event: 12.707 Thread 0x0000011626a84460 7638       3       com.sun.crypto.provider.CounterMode::increment (28 bytes)
Event: 12.707 Thread 0x0000011626a819b0 nmethod 7637 0x0000011611ba2a90 code [0x0000011611ba2c40, 0x0000011611ba2d78]
Event: 12.707 Thread 0x0000011626a84460 nmethod 7638 0x0000011611ba2e10 code [0x0000011611ba2fc0, 0x0000011611ba31b0]
Event: 12.707 Thread 0x000001162b2af080 nmethod 7636 0x0000011611ba3290 code [0x0000011611ba34c0, 0x0000011611ba41f0]
Event: 12.708 Thread 0x0000011626a84460 7639   !   3       sun.security.x509.OIDMap$OIDInfo::getClazz (53 bytes)
Event: 12.708 Thread 0x000001162d125b40 7640       4       sun.security.util.DerValue::<init> (445 bytes)
Event: 12.708 Thread 0x000001162b2af080 7641       1       sun.security.util.DerValue::resetTag (6 bytes)
Event: 12.709 Thread 0x000001162e9b1620 7642   !   4       java.lang.String::<init> (890 bytes)
Event: 12.709 Thread 0x0000011626a819b0 7643       3       sun.security.util.DerValue::readStringInternal (89 bytes)
Event: 12.709 Thread 0x000001162b2af080 nmethod 7641 0x0000011618e8b010 code [0x0000011618e8b1a0, 0x0000011618e8b268]
Event: 12.709 Thread 0x0000011626a84460 nmethod 7639 0x0000011611ba4890 code [0x0000011611ba4b20, 0x0000011611ba5458]
Event: 12.709 Thread 0x0000011626a84460 7644   !   3       sun.security.x509.AlgorithmId::getName (140 bytes)
Event: 12.709 Thread 0x0000011626a819b0 nmethod 7643 0x0000011611ba5810 code [0x0000011611ba5a80, 0x0000011611ba62b0]
Event: 12.710 Thread 0x0000011626a84460 nmethod 7644 0x0000011611ba6610 code [0x0000011611ba6920, 0x0000011611ba7670]
Event: 12.715 Thread 0x000001162d125b40 nmethod 7640 0x0000011618e8b310 code [0x0000011618e8b4e0, 0x0000011618e8bb88]

GC Heap History (20 events):
Event: 5.399 GC heap before
{Heap before GC invocations=9 (full 0):
 garbage-first heap   total 79872K, used 78379K [0x0000000080000000, 0x0000000100000000)
  region size 1024K, 28 young (28672K), 4 survivors (4096K)
 Metaspace       used 37568K, committed 38464K, reserved 1114112K
  class space    used 5059K, committed 5504K, reserved 1048576K
}
Event: 5.405 GC heap after
{Heap after GC invocations=10 (full 0):
 garbage-first heap   total 90112K, used 60851K [0x0000000080000000, 0x0000000100000000)
  region size 1024K, 6 young (6144K), 6 survivors (6144K)
 Metaspace       used 37568K, committed 38464K, reserved 1114112K
  class space    used 5059K, committed 5504K, reserved 1048576K
}
Event: 5.779 GC heap before
{Heap before GC invocations=10 (full 0):
 garbage-first heap   total 90112K, used 78259K [0x0000000080000000, 0x0000000100000000)
  region size 1024K, 23 young (23552K), 6 survivors (6144K)
 Metaspace       used 39957K, committed 40896K, reserved 1114112K
  class space    used 5448K, committed 5888K, reserved 1048576K
}
Event: 5.783 GC heap after
{Heap after GC invocations=11 (full 0):
 garbage-first heap   total 90112K, used 61417K [0x0000000080000000, 0x0000000100000000)
  region size 1024K, 1 young (1024K), 1 survivors (1024K)
 Metaspace       used 39957K, committed 40896K, reserved 1114112K
  class space    used 5448K, committed 5888K, reserved 1048576K
}
Event: 6.325 GC heap before
{Heap before GC invocations=11 (full 0):
 garbage-first heap   total 90112K, used 80873K [0x0000000080000000, 0x0000000100000000)
  region size 1024K, 21 young (21504K), 1 survivors (1024K)
 Metaspace       used 44788K, committed 45760K, reserved 1114112K
  class space    used 5980K, committed 6464K, reserved 1048576K
}
Event: 6.329 GC heap after
{Heap after GC invocations=12 (full 0):
 garbage-first heap   total 90112K, used 63973K [0x0000000080000000, 0x0000000100000000)
  region size 1024K, 3 young (3072K), 3 survivors (3072K)
 Metaspace       used 44788K, committed 45760K, reserved 1114112K
  class space    used 5980K, committed 6464K, reserved 1048576K
}
Event: 6.547 GC heap before
{Heap before GC invocations=13 (full 0):
 garbage-first heap   total 107520K, used 79333K [0x0000000080000000, 0x0000000100000000)
  region size 1024K, 19 young (19456K), 3 survivors (3072K)
 Metaspace       used 45954K, committed 46976K, reserved 1114112K
  class space    used 6075K, committed 6592K, reserved 1048576K
}
Event: 6.552 GC heap after
{Heap after GC invocations=14 (full 0):
 garbage-first heap   total 107520K, used 66249K [0x0000000080000000, 0x0000000100000000)
  region size 1024K, 2 young (2048K), 2 survivors (2048K)
 Metaspace       used 45954K, committed 46976K, reserved 1114112K
  class space    used 6075K, committed 6592K, reserved 1048576K
}
Event: 7.083 GC heap before
{Heap before GC invocations=14 (full 0):
 garbage-first heap   total 107520K, used 101065K [0x0000000080000000, 0x0000000100000000)
  region size 1024K, 32 young (32768K), 2 survivors (2048K)
 Metaspace       used 48778K, committed 49920K, reserved 1114112K
  class space    used 6371K, committed 6976K, reserved 1048576K
}
Event: 7.087 GC heap after
{Heap after GC invocations=15 (full 0):
 garbage-first heap   total 141312K, used 67853K [0x0000000080000000, 0x0000000100000000)
  region size 1024K, 4 young (4096K), 4 survivors (4096K)
 Metaspace       used 48778K, committed 49920K, reserved 1114112K
  class space    used 6371K, committed 6976K, reserved 1048576K
}
Event: 8.360 GC heap before
{Heap before GC invocations=15 (full 0):
 garbage-first heap   total 141312K, used 123149K [0x0000000080000000, 0x0000000100000000)
  region size 1024K, 58 young (59392K), 4 survivors (4096K)
 Metaspace       used 55241K, committed 56832K, reserved 1114112K
  class space    used 7449K, committed 8256K, reserved 1048576K
}
Event: 8.365 GC heap after
{Heap after GC invocations=16 (full 0):
 garbage-first heap   total 141312K, used 70916K [0x0000000080000000, 0x0000000100000000)
  region size 1024K, 7 young (7168K), 7 survivors (7168K)
 Metaspace       used 55241K, committed 56832K, reserved 1114112K
  class space    used 7449K, committed 8256K, reserved 1048576K
}
Event: 9.655 GC heap before
{Heap before GC invocations=17 (full 0):
 garbage-first heap   total 141312K, used 139524K [0x0000000080000000, 0x0000000100000000)
  region size 1024K, 57 young (58368K), 7 survivors (7168K)
 Metaspace       used 59797K, committed 61440K, reserved 1114112K
  class space    used 7991K, committed 8768K, reserved 1048576K
}
Event: 9.670 GC heap after
{Heap after GC invocations=18 (full 0):
 garbage-first heap   total 154624K, used 93611K [0x0000000080000000, 0x0000000100000000)
  region size 1024K, 8 young (8192K), 8 survivors (8192K)
 Metaspace       used 59797K, committed 61440K, reserved 1114112K
  class space    used 7991K, committed 8768K, reserved 1048576K
}
Event: 10.203 GC heap before
{Heap before GC invocations=18 (full 0):
 garbage-first heap   total 154624K, used 136619K [0x0000000080000000, 0x0000000100000000)
  region size 1024K, 50 young (51200K), 8 survivors (8192K)
 Metaspace       used 62165K, committed 63808K, reserved 1114112K
  class space    used 8341K, committed 9152K, reserved 1048576K
}
Event: 10.207 GC heap after
{Heap after GC invocations=19 (full 0):
 garbage-first heap   total 154624K, used 95350K [0x0000000080000000, 0x0000000100000000)
  region size 1024K, 2 young (2048K), 2 survivors (2048K)
 Metaspace       used 62165K, committed 63808K, reserved 1114112K
  class space    used 8341K, committed 9152K, reserved 1048576K
}
Event: 11.019 GC heap before
{Heap before GC invocations=19 (full 0):
 garbage-first heap   total 154624K, used 139382K [0x0000000080000000, 0x0000000100000000)
  region size 1024K, 46 young (47104K), 2 survivors (2048K)
 Metaspace       used 68215K, committed 70016K, reserved 1114112K
  class space    used 9233K, committed 10176K, reserved 1048576K
}
Event: 11.023 GC heap after
{Heap after GC invocations=20 (full 0):
 garbage-first heap   total 154624K, used 97479K [0x0000000080000000, 0x0000000100000000)
  region size 1024K, 5 young (5120K), 5 survivors (5120K)
 Metaspace       used 68215K, committed 70016K, reserved 1114112K
  class space    used 9233K, committed 10176K, reserved 1048576K
}
Event: 11.927 GC heap before
{Heap before GC invocations=21 (full 0):
 garbage-first heap   total 165888K, used 138439K [0x0000000080000000, 0x0000000100000000)
  region size 1024K, 45 young (46080K), 5 survivors (5120K)
 Metaspace       used 72467K, committed 74432K, reserved 1114112K
  class space    used 9899K, committed 10880K, reserved 1048576K
}
Event: 11.932 GC heap after
{Heap after GC invocations=22 (full 0):
 garbage-first heap   total 165888K, used 100088K [0x0000000080000000, 0x0000000100000000)
  region size 1024K, 5 young (5120K), 5 survivors (5120K)
 Metaspace       used 72467K, committed 74432K, reserved 1114112K
  class space    used 9899K, committed 10880K, reserved 1048576K
}

Dll operation events (3 events):
Event: 0.010 Loaded shared library C:\Program Files\Android\Android Studio\jbr\bin\java.dll
Event: 0.015 Loaded shared library C:\Program Files\Android\Android Studio\jbr\bin\zip.dll
Event: 0.492 Loaded shared library C:\Program Files\Android\Android Studio\jbr\bin\verify.dll

Deoptimization events (20 events):
Event: 12.691 Thread 0x000001162d1b24e0 Uncommon trap: trap_request=0xffffff66 fr.pc=0x0000011618e815f8 relative=0x0000000000000318
Event: 12.691 Thread 0x000001162d1b24e0 Uncommon trap: reason=speculate_class_check action=maybe_recompile pc=0x0000011618e815f8 method=sun.security.util.math.intpoly.IntegerPolynomial.multByInt([JJ)V @ 26 c2
Event: 12.691 Thread 0x000001162d1b24e0 DEOPT PACKING pc=0x0000011618e815f8 sp=0x00000001d4ff4d50
Event: 12.691 Thread 0x000001162d1b24e0 DEOPT UNPACKING pc=0x00000116183a46a2 sp=0x00000001d4ff4ca0 mode 2
Event: 12.691 Thread 0x000001162d1b24e0 Uncommon trap: trap_request=0xffffff66 fr.pc=0x0000011618e815f8 relative=0x0000000000000318
Event: 12.691 Thread 0x000001162d1b24e0 Uncommon trap: reason=speculate_class_check action=maybe_recompile pc=0x0000011618e815f8 method=sun.security.util.math.intpoly.IntegerPolynomial.multByInt([JJ)V @ 26 c2
Event: 12.691 Thread 0x000001162d1b24e0 DEOPT PACKING pc=0x0000011618e815f8 sp=0x00000001d4ff4d50
Event: 12.691 Thread 0x000001162d1b24e0 DEOPT UNPACKING pc=0x00000116183a46a2 sp=0x00000001d4ff4ca0 mode 2
Event: 12.708 Thread 0x000001162d1b24e0 Uncommon trap: trap_request=0xffffffe4 fr.pc=0x0000011618e549b0 relative=0x0000000000000450
Event: 12.708 Thread 0x000001162d1b24e0 Uncommon trap: reason=range_check action=make_not_entrant pc=0x0000011618e549b0 method=sun.security.util.DerValue.<init>([BIIZZ)V @ 83 c2
Event: 12.708 Thread 0x000001162d1b24e0 DEOPT PACKING pc=0x0000011618e549b0 sp=0x00000001d4ff48c0
Event: 12.708 Thread 0x000001162d1b24e0 DEOPT UNPACKING pc=0x00000116183a46a2 sp=0x00000001d4ff4850 mode 2
Event: 12.715 Thread 0x000001162d1b24e0 Uncommon trap: trap_request=0xffffff45 fr.pc=0x0000011618b8b468 relative=0x00000000000000c8
Event: 12.715 Thread 0x000001162d1b24e0 Uncommon trap: reason=unstable_if action=reinterpret pc=0x0000011618b8b468 method=java.lang.CharacterDataLatin1.isWhitespace(I)Z @ 14 c2
Event: 12.715 Thread 0x000001162d1b24e0 DEOPT PACKING pc=0x0000011618b8b468 sp=0x00000001d4ff4a90
Event: 12.715 Thread 0x000001162d1b24e0 DEOPT UNPACKING pc=0x00000116183a46a2 sp=0x00000001d4ff4958 mode 2
Event: 12.715 Thread 0x000001162d1b24e0 Uncommon trap: trap_request=0xffffff45 fr.pc=0x0000011618b2353c relative=0x000000000000009c
Event: 12.715 Thread 0x000001162d1b24e0 Uncommon trap: reason=unstable_if action=reinterpret pc=0x0000011618b2353c method=java.lang.CharacterDataLatin1.isWhitespace(I)Z @ 14 c2
Event: 12.715 Thread 0x000001162d1b24e0 DEOPT PACKING pc=0x0000011618b2353c sp=0x00000001d4ff4a00
Event: 12.715 Thread 0x000001162d1b24e0 DEOPT UNPACKING pc=0x00000116183a46a2 sp=0x00000001d4ff4970 mode 2

Classes loaded (20 events):
Event: 12.711 Loading class sun/security/validator/SimpleValidator
Event: 12.712 Loading class sun/security/validator/SimpleValidator done
Event: 12.712 Loading class java/security/cert/TrustAnchor
Event: 12.712 Loading class java/security/cert/TrustAnchor done
Event: 12.712 Loading class java/security/cert/CertPathHelperImpl
Event: 12.712 Loading class sun/security/provider/certpath/CertPathHelper
Event: 12.712 Loading class sun/security/provider/certpath/CertPathHelper done
Event: 12.712 Loading class java/security/cert/CertPathHelperImpl done
Event: 12.712 Loading class java/security/cert/PKIXBuilderParameters
Event: 12.713 Loading class java/security/cert/PKIXParameters
Event: 12.713 Loading class java/security/cert/CertPathParameters
Event: 12.713 Loading class java/security/cert/CertPathParameters done
Event: 12.713 Loading class java/security/cert/PKIXParameters done
Event: 12.713 Loading class java/security/cert/PKIXBuilderParameters done
Event: 12.713 Loading class sun/security/x509/AVAKeyword
Event: 12.713 Loading class sun/security/x509/AVAKeyword done
Event: 12.714 Loading class sun/security/pkcs/PKCS9Attribute
Event: 12.714 Loading class sun/security/pkcs/PKCS9Attribute done
Event: 12.714 Loading class sun/security/pkcs/SignerInfo
Event: 12.715 Loading class sun/security/pkcs/SignerInfo done

Classes unloaded (0 events):
No events

Classes redefined (0 events):
No events

Internal exceptions (20 events):
Event: 11.295 Thread 0x000001162d1b24e0 Exception <a 'java/lang/NoSuchMethodError'{0x0000000088906980}: 'void java.lang.invoke.Invokers$Holder.invokeExact_MT(java.lang.Object, java.lang.Object, long, java.lang.Object)'> (0x0000000088906980) 
thrown [s\src\hotspot\share\interpreter\linkResolver.cpp, line 784]
Event: 11.309 Thread 0x000001162d1b24e0 Exception <a 'java/lang/ClassNotFoundException'{0x0000000088840620}: org/gradle/api/internal/project/DefaultProject_DecoratedBeanInfo> (0x0000000088840620) 
thrown [s\src\hotspot\share\classfile\systemDictionary.cpp, line 312]
Event: 11.309 Thread 0x000001162d1b24e0 Exception <a 'java/lang/ClassNotFoundException'{0x000000008884c840}: org/gradle/api/internal/project/DefaultProjectBeanInfo> (0x000000008884c840) 
thrown [s\src\hotspot\share\classfile\systemDictionary.cpp, line 312]
Event: 11.310 Thread 0x000001162d1b24e0 Exception <a 'java/lang/ClassNotFoundException'{0x0000000088858b18}: org/gradle/api/internal/project/DefaultProjectCustomizer> (0x0000000088858b18) 
thrown [s\src\hotspot\share\classfile\systemDictionary.cpp, line 312]
Event: 11.313 Thread 0x000001162d1b24e0 Exception <a 'java/lang/ClassNotFoundException'{0x0000000088716f30}: org/gradle/api/internal/project/DefaultProject_DecoratedCustomizer> (0x0000000088716f30) 
thrown [s\src\hotspot\share\classfile\systemDictionary.cpp, line 312]
Event: 11.504 Thread 0x000001162d1b24e0 Exception <a 'java/lang/NoSuchMethodError'{0x0000000087fc5060}: 'long java.lang.invoke.DirectMethodHandle$Holder.invokeStatic(java.lang.Object, long)'> (0x0000000087fc5060) 
thrown [s\src\hotspot\share\interpreter\linkResolver.cpp, line 784]
Event: 11.599 Thread 0x000001162d1b24e0 Exception <a 'java/lang/NoSuchMethodError'{0x0000000087a4a180}: 'java.lang.Object java.lang.invoke.DirectMethodHandle$Holder.invokeVirtual(java.lang.Object, java.lang.Object, java.lang.Object, java.lang.Object, java.lang.Object, java.lang.Object, java.lang.Object, java.lang.Object, java.lang.Object, java.lang.Object, java.lang.Object, java.lang.Object, java.lang.Object, java.lang.Object, java.lang.Object, java.lang.Object, java.lang.Object)'> (0x0000000087a4a180) 
thrown [s\src\hotspot\share\interpreter\li
Event: 11.599 Thread 0x000001162d1b24e0 Exception <a 'java/lang/NoSuchMethodError'{0x0000000087a50300}: 'java.lang.Object java.lang.invoke.DirectMethodHandle$Holder.invokeSpecial(java.lang.Object, java.lang.Object, java.lang.Object, java.lang.Object, java.lang.Object, java.lang.Object, java.lang.Object, java.lang.Object, java.lang.Object, java.lang.Object, java.lang.Object, java.lang.Object, java.lang.Object, java.lang.Object, java.lang.Object, java.lang.Object, java.lang.Object, java.lang.Object)'> (0x0000000087a50300) 
thrown [s\src\hotspot\sh
Event: 11.599 Thread 0x000001162d1b24e0 Exception <a 'java/lang/NoSuchMethodError'{0x0000000087a55b08}: 'java.lang.Object java.lang.invoke.DelegatingMethodHandle$Holder.reinvoke_L(java.lang.Object, java.lang.Object, java.lang.Object, java.lang.Object, java.lang.Object, java.lang.Object, java.lang.Object, java.lang.Object, java.lang.Object, java.lang.Object, java.lang.Object, java.lang.Object, java.lang.Object, java.lang.Object, java.lang.Object, java.lang.Object, java.lang.Object)'> (0x0000000087a55b08) 
thrown [s\src\hotspot\share\interpreter\l
Event: 11.751 Thread 0x000001162d1b24e0 Exception <a 'java/lang/NoSuchMethodError'{0x0000000087678e78}: static Lorg/gradle/api/internal/catalog/DefaultVersionCatalog;.<clinit>()V> (0x0000000087678e78) 
thrown [s\src\hotspot\share\prims\jni.cpp, line 1139]
Event: 11.757 Thread 0x000001162d1b24e0 Exception <a 'java/lang/NoSuchMethodError'{0x00000000876b6910}: static [Ljava/lang/Object;.<clinit>()V> (0x00000000876b6910) 
thrown [s\src\hotspot\share\prims\jni.cpp, line 1139]
Event: 11.759 Thread 0x000001162d1b24e0 Exception <a 'java/lang/NoSuchMethodError'{0x00000000876e1858}: static Lorg/gradle/api/internal/catalog/DependencyModel;.<clinit>()V> (0x00000000876e1858) 
thrown [s\src\hotspot\share\prims\jni.cpp, line 1139]
Event: 11.760 Thread 0x000001162d1b24e0 Exception <a 'java/lang/NoSuchMethodError'{0x00000000876e5aa0}: static Lorg/gradle/api/internal/catalog/AbstractContextAwareModel;.<clinit>()V> (0x00000000876e5aa0) 
thrown [s\src\hotspot\share\prims\jni.cpp, line 1139]
Event: 11.762 Thread 0x000001162d1b24e0 Exception <a 'java/lang/NoSuchMethodError'{0x0000000087501810}: static Lorg/gradle/api/internal/artifacts/dependencies/AbstractVersionConstraint;.<clinit>()V> (0x0000000087501810) 
thrown [s\src\hotspot\share\prims\jni.cpp, line 1139]
Event: 11.781 Thread 0x000001162d1b24e0 Exception <a 'java/lang/NoSuchMethodError'{0x00000000875b3d20}: static Lorg/gradle/api/internal/catalog/PluginModel;.<clinit>()V> (0x00000000875b3d20) 
thrown [s\src\hotspot\share\prims\jni.cpp, line 1139]
Event: 11.783 Thread 0x000001162d1b24e0 Exception <a 'java/lang/NoSuchMethodError'{0x00000000875cd858}: static Lorg/gradle/api/internal/catalog/VersionModel;.<clinit>()V> (0x00000000875cd858) 
thrown [s\src\hotspot\share\prims\jni.cpp, line 1139]
Event: 11.917 Thread 0x000001162d1b24e0 Exception <a 'java/lang/NoSuchMethodError'{0x00000000871b8758}: 'int java.lang.invoke.DirectMethodHandle$Holder.invokeSpecialIFC(java.lang.Object, java.lang.Object, java.lang.Object)'> (0x00000000871b8758) 
thrown [s\src\hotspot\share\interpreter\linkResolver.cpp, line 784]
Event: 12.003 Thread 0x000001162d1b24e0 Exception <a 'java/lang/NoSuchMethodError'{0x000000008dc4d078}: 'void java.lang.invoke.DirectMethodHandle$Holder.invokeStatic(java.lang.Object, java.lang.Object, java.lang.Object, int, java.lang.Object)'> (0x000000008dc4d078) 
thrown [s\src\hotspot\share\interpreter\linkResolver.cpp, line 784]
Event: 12.079 Thread 0x000001162d1b24e0 Exception <a 'sun/nio/fs/WindowsException'{0x000000008dae58e8}> (0x000000008dae58e8) 
thrown [s\src\hotspot\share\prims\jni.cpp, line 535]
Event: 12.153 Thread 0x000001162d1b24e0 Exception <a 'java/lang/NoSuchMethodError'{0x000000008d7d1450}: 'void java.lang.invoke.DirectMethodHandle$Holder.invokeVirtual(java.lang.Object, java.lang.Object)'> (0x000000008d7d1450) 
thrown [s\src\hotspot\share\interpreter\linkResolver.cpp, line 784]

ZGC Phase Switch (0 events):
No events

VM Operations (20 events):
Event: 12.038 Executing VM operation: HandshakeAllThreads (Deoptimize) done
Event: 12.082 Executing VM operation: HandshakeAllThreads (Deoptimize)
Event: 12.082 Executing VM operation: HandshakeAllThreads (Deoptimize) done
Event: 12.091 Executing VM operation: HandshakeAllThreads (Deoptimize)
Event: 12.091 Executing VM operation: HandshakeAllThreads (Deoptimize) done
Event: 12.092 Executing VM operation: HandshakeAllThreads (Deoptimize)
Event: 12.092 Executing VM operation: HandshakeAllThreads (Deoptimize) done
Event: 12.144 Executing VM operation: HandshakeAllThreads (Deoptimize)
Event: 12.145 Executing VM operation: HandshakeAllThreads (Deoptimize) done
Event: 12.164 Executing VM operation: HandshakeAllThreads (Deoptimize)
Event: 12.164 Executing VM operation: HandshakeAllThreads (Deoptimize) done
Event: 12.245 Executing VM operation: HandshakeAllThreads (Deoptimize)
Event: 12.245 Executing VM operation: HandshakeAllThreads (Deoptimize) done
Event: 12.336 Executing VM operation: HandshakeAllThreads (Deoptimize)
Event: 12.337 Executing VM operation: HandshakeAllThreads (Deoptimize) done
Event: 12.436 Executing VM operation: HandshakeAllThreads (Deoptimize)
Event: 12.436 Executing VM operation: HandshakeAllThreads (Deoptimize) done
Event: 12.543 Executing VM operation: HandshakeAllThreads (Deoptimize)
Event: 12.543 Executing VM operation: HandshakeAllThreads (Deoptimize) done
Event: 13.554 Executing VM operation: Cleanup

Memory protections (0 events):
No events

Nmethod flushes (20 events):
Event: 11.052 Thread 0x000001160c1101d0 flushing  nmethod 0x000001161128e190
Event: 11.052 Thread 0x000001160c1101d0 flushing  nmethod 0x0000011611302710
Event: 11.052 Thread 0x000001160c1101d0 flushing  nmethod 0x00000116115c9c90
Event: 11.052 Thread 0x000001160c1101d0 flushing  nmethod 0x0000011611602190
Event: 11.052 Thread 0x000001160c1101d0 flushing  nmethod 0x0000011611603c10
Event: 11.052 Thread 0x000001160c1101d0 flushing  nmethod 0x00000116116a7910
Event: 11.052 Thread 0x000001160c1101d0 flushing  nmethod 0x0000011611718090
Event: 11.052 Thread 0x000001160c1101d0 flushing osr nmethod 0x0000011618b33710
Event: 11.052 Thread 0x000001160c1101d0 flushing  nmethod 0x0000011618bcac90
Event: 11.052 Thread 0x000001160c1101d0 flushing  nmethod 0x0000011610f12210
Event: 11.052 Thread 0x000001160c1101d0 flushing  nmethod 0x0000011610f17290
Event: 11.052 Thread 0x000001160c1101d0 flushing  nmethod 0x00000116110dc590
Event: 11.052 Thread 0x000001160c1101d0 flushing  nmethod 0x00000116110e2190
Event: 11.052 Thread 0x000001160c1101d0 flushing  nmethod 0x0000011611150390
Event: 11.052 Thread 0x000001160c1101d0 flushing  nmethod 0x00000116111c7b10
Event: 11.052 Thread 0x000001160c1101d0 flushing  nmethod 0x00000116111c8590
Event: 11.052 Thread 0x000001160c1101d0 flushing  nmethod 0x0000011611254c90
Event: 11.052 Thread 0x000001160c1101d0 flushing  nmethod 0x0000011611431990
Event: 11.052 Thread 0x000001160c1101d0 flushing  nmethod 0x00000116114ba110
Event: 11.052 Thread 0x000001160c1101d0 flushing  nmethod 0x000001161154c390

Events (20 events):
Event: 8.942 Thread 0x000001162d1b24e0 Thread added: 0x0000011631a3fa90
Event: 8.944 Thread 0x000001162d1b24e0 Thread added: 0x0000011631a42f10
Event: 8.945 Thread 0x000001162d1b24e0 Thread added: 0x0000011631a435a0
Event: 8.946 Thread 0x000001162d1b24e0 Thread added: 0x0000011631a40120
Event: 8.948 Thread 0x000001162d1b24e0 Thread added: 0x0000011631a43c30
Event: 8.949 Thread 0x000001162d1b24e0 Thread added: 0x0000011631a407b0
Event: 10.393 Thread 0x000001162de24780 Thread exited: 0x000001162de24780
Event: 10.524 Thread 0x00000116268992b0 Thread added: 0x000001162e107220
Event: 11.133 Thread 0x000001162e107220 Thread exited: 0x000001162e107220
Event: 11.514 Thread 0x00000116268992b0 Thread added: 0x000001162c254e80
Event: 11.565 Thread 0x0000011626a84460 Thread added: 0x000001162d124da0
Event: 11.565 Thread 0x0000011626a84460 Thread added: 0x000001162d125b40
Event: 12.086 Thread 0x000001162d125b40 Thread exited: 0x000001162d125b40
Event: 12.298 Thread 0x00000116268a4330 Thread added: 0x000001162d125b40
Event: 12.529 Thread 0x000001162d125b40 Thread exited: 0x000001162d125b40
Event: 12.529 Thread 0x000001162d124da0 Thread exited: 0x000001162d124da0
Event: 12.529 Thread 0x000001162c254e80 Thread exited: 0x000001162c254e80
Event: 12.536 Thread 0x00000116268a4330 Thread added: 0x000001162d124da0
Event: 12.581 Thread 0x0000011626a819b0 Thread added: 0x000001162d125b40
Event: 12.584 Thread 0x000001162d124da0 Thread added: 0x000001162e9b1620


Dynamic libraries:
0x00007ff6c8160000 - 0x00007ff6c816a000 	C:\Program Files\Android\Android Studio\jbr\bin\java.exe
0x00007ffb327c0000 - 0x00007ffb32a29000 	C:\WINDOWS\SYSTEM32\ntdll.dll
0x00007ffb31230000 - 0x00007ffb312f9000 	C:\WINDOWS\System32\KERNEL32.DLL
0x00007ffb2f9f0000 - 0x00007ffb2fde3000 	C:\WINDOWS\System32\KERNELBASE.dll
0x00007ffb30060000 - 0x00007ffb301ab000 	C:\WINDOWS\System32\ucrtbase.dll
0x00007ffaf5010000 - 0x00007ffaf502b000 	C:\Program Files\Android\Android Studio\jbr\bin\VCRUNTIME140.dll
0x00007ffb24cd0000 - 0x00007ffb24ce8000 	C:\Program Files\Android\Android Studio\jbr\bin\jli.dll
0x00007ffb320b0000 - 0x00007ffb32274000 	C:\WINDOWS\System32\USER32.dll
0x00007ffb1a4f0000 - 0x00007ffb1a783000 	C:\WINDOWS\WinSxS\amd64_microsoft.windows.common-controls_6595b64144ccf1df_6.0.26100.5074_none_3e0d6f78e32fd63f\COMCTL32.dll
0x00007ffb2feb0000 - 0x00007ffb2fed7000 	C:\WINDOWS\System32\win32u.dll
0x00007ffb30ae0000 - 0x00007ffb30b0b000 	C:\WINDOWS\System32\GDI32.dll
0x00007ffb31180000 - 0x00007ffb31229000 	C:\WINDOWS\System32\msvcrt.dll
0x00007ffb303b0000 - 0x00007ffb304dd000 	C:\WINDOWS\System32\gdi32full.dll
0x00007ffb304e0000 - 0x00007ffb30583000 	C:\WINDOWS\System32\msvcp_win.dll
0x00007ffb32560000 - 0x00007ffb3258f000 	C:\WINDOWS\System32\IMM32.DLL
0x00007ffb0db40000 - 0x00007ffb0db4c000 	C:\Program Files\Android\Android Studio\jbr\bin\vcruntime140_1.dll
0x00007ffb00bc0000 - 0x00007ffb00c4d000 	C:\Program Files\Android\Android Studio\jbr\bin\msvcp140.dll
0x00007ffa82650000 - 0x00007ffa832db000 	C:\Program Files\Android\Android Studio\jbr\bin\server\jvm.dll
0x00007ffb31f80000 - 0x00007ffb32034000 	C:\WINDOWS\System32\ADVAPI32.dll
0x00007ffb32460000 - 0x00007ffb32506000 	C:\WINDOWS\System32\sechost.dll
0x00007ffb309c0000 - 0x00007ffb30ad8000 	C:\WINDOWS\System32\RPCRT4.dll
0x00007ffb30590000 - 0x00007ffb30604000 	C:\WINDOWS\System32\WS2_32.dll
0x00007ffb2f7b0000 - 0x00007ffb2f80e000 	C:\WINDOWS\SYSTEM32\POWRPROF.dll
0x00007ffb29540000 - 0x00007ffb29575000 	C:\WINDOWS\SYSTEM32\WINMM.dll
0x00007ffb29690000 - 0x00007ffb2969b000 	C:\WINDOWS\SYSTEM32\VERSION.dll
0x00007ffb2f790000 - 0x00007ffb2f7a4000 	C:\WINDOWS\SYSTEM32\UMPDC.dll
0x00007ffb2e730000 - 0x00007ffb2e74b000 	C:\WINDOWS\SYSTEM32\kernel.appcore.dll
0x00007ffb0b260000 - 0x00007ffb0b26a000 	C:\Program Files\Android\Android Studio\jbr\bin\jimage.dll
0x00007ffb22fd0000 - 0x00007ffb23212000 	C:\WINDOWS\SYSTEM32\DBGHELP.DLL
0x00007ffb31a50000 - 0x00007ffb31dcb000 	C:\WINDOWS\System32\combase.dll
0x00007ffb30770000 - 0x00007ffb30847000 	C:\WINDOWS\System32\OLEAUT32.dll
0x00007ffb19060000 - 0x00007ffb1909d000 	C:\WINDOWS\SYSTEM32\dbgcore.DLL
0x00007ffb2f950000 - 0x00007ffb2f9e9000 	C:\WINDOWS\System32\bcryptPrimitives.dll
0x00007ffb2add0000 - 0x00007ffb2adde000 	C:\Program Files\Android\Android Studio\jbr\bin\instrument.dll
0x00007ffaf4ff0000 - 0x00007ffaf5010000 	C:\Program Files\Android\Android Studio\jbr\bin\java.dll
0x00007ffaf4f20000 - 0x00007ffaf4f38000 	C:\Program Files\Android\Android Studio\jbr\bin\zip.dll
0x00007ffb31300000 - 0x00007ffb31a4d000 	C:\WINDOWS\System32\SHELL32.dll
0x00007ffb301b0000 - 0x00007ffb3031c000 	C:\WINDOWS\System32\wintypes.dll
0x00007ffb2d5b0000 - 0x00007ffb2de09000 	C:\WINDOWS\SYSTEM32\windows.storage.dll
0x00007ffb32680000 - 0x00007ffb32770000 	C:\WINDOWS\System32\SHCORE.dll
0x00007ffb32040000 - 0x00007ffb320a2000 	C:\WINDOWS\System32\shlwapi.dll
0x00007ffb2f870000 - 0x00007ffb2f899000 	C:\WINDOWS\SYSTEM32\profapi.dll
0x00007ffb06db0000 - 0x00007ffb06dc0000 	C:\Program Files\Android\Android Studio\jbr\bin\net.dll
0x00007ffb26390000 - 0x00007ffb264af000 	C:\WINDOWS\SYSTEM32\WINHTTP.dll
0x00007ffb2ecb0000 - 0x00007ffb2ed1b000 	C:\WINDOWS\system32\mswsock.dll
0x00007ffaf4f00000 - 0x00007ffaf4f16000 	C:\Program Files\Android\Android Studio\jbr\bin\nio.dll
0x00007ffafecd0000 - 0x00007ffafece0000 	C:\Program Files\Android\Android Studio\jbr\bin\verify.dll
0x00007ffb19930000 - 0x00007ffb19957000 	C:\Users\USER\.gradle\native\1def1411415f61bf3af743bc5b6707747c0891f09f0c88961ee8f79bc544acac\windows-amd64\native-platform.dll
0x00007ffafe000000 - 0x00007ffafe078000 	C:\Users\USER\.gradle\native\0.2.7\x86_64-windows-gnu\gradle-fileevents.dll
0x00007ffb068e0000 - 0x00007ffb068e9000 	C:\Program Files\Android\Android Studio\jbr\bin\management.dll
0x00007ffb06580000 - 0x00007ffb0658b000 	C:\Program Files\Android\Android Studio\jbr\bin\management_ext.dll
0x00007ffb30b90000 - 0x00007ffb30b98000 	C:\WINDOWS\System32\PSAPI.DLL
0x00007ffb2e180000 - 0x00007ffb2e1b4000 	C:\WINDOWS\SYSTEM32\IPHLPAPI.DLL
0x00007ffb31170000 - 0x00007ffb3117a000 	C:\WINDOWS\System32\NSI.dll
0x00007ffb06910000 - 0x00007ffb06919000 	C:\Program Files\Android\Android Studio\jbr\bin\extnet.dll
0x00007ffb2ef50000 - 0x00007ffb2ef6b000 	C:\WINDOWS\SYSTEM32\CRYPTSP.dll
0x00007ffb2e690000 - 0x00007ffb2e6cb000 	C:\WINDOWS\system32\rsaenh.dll
0x00007ffb2ed50000 - 0x00007ffb2ed7b000 	C:\WINDOWS\SYSTEM32\USERENV.dll
0x00007ffb2f840000 - 0x00007ffb2f866000 	C:\WINDOWS\SYSTEM32\bcrypt.dll
0x00007ffb2ef70000 - 0x00007ffb2ef7c000 	C:\WINDOWS\SYSTEM32\CRYPTBASE.dll
0x00007ffada650000 - 0x00007ffada658000 	C:\WINDOWS\system32\wshunix.dll
0x00007ffb2e220000 - 0x00007ffb2e346000 	C:\WINDOWS\SYSTEM32\DNSAPI.dll
0x00007ffb264d0000 - 0x00007ffb264db000 	C:\Windows\System32\rasadhlp.dll
0x00007ffb29fa0000 - 0x00007ffb2a026000 	C:\WINDOWS\System32\fwpuclnt.dll

dbghelp: loaded successfully - version: 4.0.5 - missing functions: none
symbol engine: initialized successfully - sym options: 0x614 - pdb path: .;C:\Program Files\Android\Android Studio\jbr\bin;C:\WINDOWS\SYSTEM32;C:\WINDOWS\WinSxS\amd64_microsoft.windows.common-controls_6595b64144ccf1df_6.0.26100.5074_none_3e0d6f78e32fd63f;C:\Program Files\Android\Android Studio\jbr\bin\server;C:\Users\USER\.gradle\native\1def1411415f61bf3af743bc5b6707747c0891f09f0c88961ee8f79bc544acac\windows-amd64;C:\Users\USER\.gradle\native\0.2.7\x86_64-windows-gnu

VM Arguments:
jvm_args: --add-opens=java.base/java.lang=ALL-UNNAMED --add-opens=java.base/java.lang.invoke=ALL-UNNAMED --add-opens=java.base/java.util=ALL-UNNAMED --add-opens=java.prefs/java.util.prefs=ALL-UNNAMED --add-exports=jdk.compiler/com.sun.tools.javac.api=ALL-UNNAMED --add-exports=jdk.compiler/com.sun.tools.javac.util=ALL-UNNAMED --add-opens=java.base/java.util=ALL-UNNAMED --add-opens=java.prefs/java.util.prefs=ALL-UNNAMED --add-opens=java.base/java.nio.charset=ALL-UNNAMED --add-opens=java.base/java.net=ALL-UNNAMED --add-opens=java.base/java.util.concurrent.atomic=ALL-UNNAMED --add-opens=java.xml/javax.xml.namespace=ALL-UNNAMED -Xmx2048m -Dfile.encoding=UTF-8 -Duser.country=US -Duser.language=en -Duser.variant -javaagent:C:\Users\USER\.gradle\wrapper\dists\gradle-8.13-bin\5xuhj0ry160q40clulazy9h7d\gradle-8.13\lib\agents\gradle-instrumentation-agent-8.13.jar 
java_command: org.gradle.launcher.daemon.bootstrap.GradleDaemon 8.13
java_class_path (initial): C:\Users\USER\.gradle\wrapper\dists\gradle-8.13-bin\5xuhj0ry160q40clulazy9h7d\gradle-8.13\lib\gradle-daemon-main-8.13.jar
Launcher Type: SUN_STANDARD

[Global flags]
     intx CICompilerCount                          = 12                                        {product} {ergonomic}
     uint ConcGCThreads                            = 3                                         {product} {ergonomic}
     uint G1ConcRefinementThreads                  = 13                                        {product} {ergonomic}
   size_t G1HeapRegionSize                         = 1048576                                   {product} {ergonomic}
    uintx GCDrainStackTargetSize                   = 64                                        {product} {ergonomic}
   size_t InitialHeapSize                          = 257949696                                 {product} {ergonomic}
   size_t MarkStackSize                            = 4194304                                   {product} {ergonomic}
   size_t MaxHeapSize                              = 2147483648                                {product} {command line}
   size_t MaxNewSize                               = 1287651328                                {product} {ergonomic}
   size_t MinHeapDeltaBytes                        = 1048576                                   {product} {ergonomic}
   size_t MinHeapSize                              = 8388608                                   {product} {ergonomic}
    uintx NonNMethodCodeHeapSize                   = 7602480                                {pd product} {ergonomic}
    uintx NonProfiledCodeHeapSize                  = 122027880                              {pd product} {ergonomic}
    uintx ProfiledCodeHeapSize                     = 122027880                              {pd product} {ergonomic}
    uintx ReservedCodeCacheSize                    = 251658240                              {pd product} {ergonomic}
     bool SegmentedCodeCache                       = true                                      {product} {ergonomic}
   size_t SoftMaxHeapSize                          = 2147483648                             {manageable} {ergonomic}
     bool UseCompressedOops                        = true                           {product lp64_product} {ergonomic}
     bool UseG1GC                                  = true                                      {product} {ergonomic}
     bool UseLargePagesIndividualAllocation        = false                                  {pd product} {ergonomic}

Logging:
Log output configuration:
 #0: stdout all=warning uptime,level,tags foldmultilines=false
 #1: stderr all=off uptime,level,tags foldmultilines=false

Environment Variables:
JAVA_HOME=C:\Program Files\Java\jdk-23
PATH=C:\Program Files\Common Files\Oracle\Java\javapath;C:\Program Files\OpenLogic\jdk-11.0.24.8-hotspot\bin;C:\WINDOWS\system32;C:\WINDOWS;C:\WINDOWS\System32\Wbem;C:\WINDOWS\System32\WindowsPowerShell\v1.0\;C:\WINDOWS\System32\OpenSSH\;C:\Program Files\nodejs;C:\Program Files\Git\cmd;D:\dev\flutter\bin;C:\Users\USER\Downloads\poppler-24.07.0\Library\bin;C:\Program Files\Java\jdk-23\bin;C:\Program Files (x86)\Windows Kits\10\Windows Performance Toolkit\;C:\Users\USER\AppData\Local\Android\Sdk\platform-tools;C:\Users\USER\AppData\Local\Programs\Python\Python311;C:\Users\USER\AppData\Local\Programs\Python\Python311\Scripts;C:\Program Files\Microsoft SQL Server\150\Tools\Binn\;C:\Program Files\Microsoft SQL Server\Client SDK\ODBC\170\Tools\Binn\;C:\Program Files\dotnet\;C:\Users\USER\AppData\Local\Microsoft\WindowsApps;C:\Users\USER\AppData\Roaming\npm;C:\Program Files\nodejs;C:\Program Files\OpenLogic\jdk-11.0.24.8-hotspot\bin;D:\dev\flutter\bin;C:\Users\USER\AppData\Local\GitHubDesktop\bin;C:\Users\USER\Downloads\poppler-24.07.0\Library\bin;C:\Users\USER\AppData\Local\Programs\Microsoft VS Code\bin;C:\Users\USER\AppData\Local\Programs\PyCharm 2025.2\bin;C:\Users\USER\AppData\Local\Programs\Python\Python311;C:\Users\USER\AppData\Local\Programs\Python\Python311\Scripts;C:\Users\USER\.dotnet\tools
USERNAME=USER
OS=Windows_NT
PROCESSOR_IDENTIFIER=AMD64 Family 23 Model 104 Stepping 1, AuthenticAMD
TMP=C:\Users\USER\AppData\Local\Temp
TEMP=C:\Users\USER\AppData\Local\Temp




Periodic native trim disabled

JNI global refs:
JNI global refs: 36, weak refs: 0

JNI global refs memory usage: 835, weak refs: 201

Process memory usage:
Resident Set Size: 411664K (2% of 16083516K total physical memory with 2206828K free physical memory)

OOME stack traces (most recent first):
Classloader memory used:
Loader org.gradle.internal.classloader.VisitableURLClassLoader                         : 37879K
Loader bootstrap                                                                       : 27965K
Loader org.gradle.initialization.MixInLegacyTypesClassLoader                           : 10316K
Loader org.gradle.internal.classloader.VisitableURLClassLoader                         : 930K
Loader jdk.internal.loader.ClassLoaders$PlatformClassLoader                            : 793K
Loader org.gradle.internal.classloader.VisitableURLClassLoader$InstrumentingVisitableURLClassLoader: 735K
Loader jdk.internal.reflect.DelegatingClassLoader                                      : 267K
Loader jdk.internal.loader.ClassLoaders$AppClassLoader                                 : 235K
Loader org.gradle.groovy.scripts.internal.DefaultScriptCompilationHandler$ScriptClassLoader: 90024B
Loader org.codehaus.groovy.runtime.callsite.CallSiteClassLoader                        : 48680B

Classes loaded by more than one classloader:
Class org.gradle.api.GradleException                                                  : loaded 3 times (x 78B)
Class Program                                                                         : loaded 3 times (x 68B)
Class org.gradle.internal.classloader.ClassLoaderHierarchy                            : loaded 2 times (x 66B)
Class org.gradle.api.internal.classpath.ManifestUtil                                  : loaded 2 times (x 67B)
Class org.jetbrains.plugins.gradle.model.GradleExtensions                             : loaded 2 times (x 66B)
Class org.jetbrains.plugins.gradle.model.AnnotationProcessingModel                    : loaded 2 times (x 66B)
Class org.gradle.internal.operations.MultipleBuildOperationFailures                   : loaded 2 times (x 91B)
Class org.gradle.internal.classloader.DefaultClassLoaderFactory                       : loaded 2 times (x 78B)
Class kotlin.collections.AbstractList$Companion                                       : loaded 2 times (x 67B)
Class org.gradle.internal.classloader.ClassLoaderVisitor                              : loaded 2 times (x 72B)
Class org.gradle.api.internal.classpath.EffectiveClassPath                            : loaded 2 times (x 86B)
Class org.gradle.tooling.internal.gradle.DefaultProjectIdentifier                     : loaded 2 times (x 82B)
Class org.gradle.api.internal.DefaultClassPathProvider                                : loaded 2 times (x 72B)
Class [Lorg.gradle.api.internal.ClassPathProvider;                                    : loaded 2 times (x 65B)
Class org.gradle.api.internal.ClassPathProvider                                       : loaded 2 times (x 66B)
Class org.gradle.internal.service.UnknownServiceException                             : loaded 2 times (x 79B)
Class org.jetbrains.kotlin.idea.gradleTooling.KotlinDslScriptAdditionalTask           : loaded 2 times (x 66B)
Class org.gradle.internal.classpath.TransformedClassPath                              : loaded 2 times (x 92B)
Class org.gradle.internal.classloader.InstrumentingClassLoader                        : loaded 2 times (x 66B)
Class kotlin.enums.EnumEntriesList                                                    : loaded 2 times (x 219B)
Class org.gradle.internal.classloader.FilteringClassLoader                            : loaded 2 times (x 101B)
Class org.jetbrains.plugins.gradle.model.IntelliJSettings                             : loaded 2 times (x 66B)
Class org.gradle.internal.service.ServiceLocator                                      : loaded 2 times (x 66B)
Class org.gradle.tooling.model.UnsupportedMethodException                             : loaded 2 times (x 78B)
Class com.intellij.compose.ide.plugin.gradleTooling.rt.ComposeResourcesModel          : loaded 2 times (x 66B)
Class org.gradle.internal.InternalTransformer                                         : loaded 2 times (x 66B)
Class org.gradle.internal.time.DefaultTimer                                           : loaded 2 times (x 76B)
Class org.gradle.internal.classloader.ClasspathUtil$1                                 : loaded 2 times (x 72B)
Class org.gradle.api.internal.classpath.DefaultModuleRegistry$DefaultModule           : loaded 2 times (x 82B)
Class org.gradle.internal.time.DefaultCountdownTimer                                  : loaded 2 times (x 84B)
Class org.gradle.tooling.internal.gradle.DefaultBuildIdentifier                       : loaded 2 times (x 75B)
Class kotlin.Function                                                                 : loaded 2 times (x 66B)
Class org.gradle.api.internal.classpath.Module                                        : loaded 2 times (x 66B)
Class org.gradle.api.internal.classpath.UnknownModuleException                        : loaded 2 times (x 78B)
Class com.intellij.openapi.externalSystem.model.project.dependencies.ProjectDependencies: loaded 2 times (x 66B)
Class org.gradle.tooling.internal.gradle.GradleProjectIdentity                        : loaded 2 times (x 66B)
Class org.gradle.api.internal.DefaultClassPathRegistry                                : loaded 2 times (x 72B)
Class org.gradle.api.internal.ClassPathRegistry                                       : loaded 2 times (x 66B)
Class org.gradle.internal.classpath.DefaultClassPath$ImmutableUniqueList              : loaded 2 times (x 195B)
Class org.jetbrains.kotlin.idea.gradleTooling.KotlinSourceSetContainer                : loaded 2 times (x 66B)
Class Settings_gradle$1                                                               : loaded 2 times (x 70B)
Class org.gradle.internal.classpath.ClassPath                                         : loaded 2 times (x 66B)
Class org.gradle.api.UncheckedIOException                                             : loaded 2 times (x 78B)
Class org.jetbrains.kotlin.idea.gradleTooling.KotlinGradleModel                       : loaded 2 times (x 66B)
Class org.gradle.tooling.model.Model                                                  : loaded 2 times (x 66B)
Class kotlin.UninitializedPropertyAccessException                                     : loaded 2 times (x 78B)
Class org.jetbrains.plugins.gradle.model.IntelliJProjectSettings                      : loaded 2 times (x 66B)
Class org.gradle.internal.installation.GradleInstallation$1                           : loaded 2 times (x 71B)
Class org.gradle.api.internal.classpath.ModuleRegistry                                : loaded 2 times (x 66B)
Class org.jetbrains.plugins.gradle.model.VersionCatalogsModel                         : loaded 2 times (x 66B)
Class org.gradle.api.internal.classpath.DefaultModuleRegistry                         : loaded 2 times (x 82B)
Class org.gradle.internal.time.MonotonicClock                                         : loaded 2 times (x 73B)
Class org.gradle.internal.service.ServiceLookupException                              : loaded 2 times (x 78B)
Class org.gradle.internal.classloader.ClassLoaderFactory                              : loaded 2 times (x 66B)
Class org.gradle.internal.service.CachingServiceLocator                               : loaded 2 times (x 78B)
Class org.jetbrains.plugins.gradle.model.RepositoryModels                             : loaded 2 times (x 66B)
Class org.gradle.internal.time.TimeSource                                             : loaded 2 times (x 66B)
Class org.gradle.tooling.internal.gradle.GradleBuildIdentity                          : loaded 2 times (x 66B)
Class kotlin.enums.EnumEntries                                                        : loaded 2 times (x 66B)
Class org.gradle.internal.exceptions.ResolutionProvider                               : loaded 2 times (x 66B)
Class org.gradle.tooling.model.ProjectIdentifier                                      : loaded 2 times (x 66B)
Class org.gradle.internal.classloader.ClasspathUtil                                   : loaded 2 times (x 67B)
Class org.gradle.internal.time.TimeSource$1                                           : loaded 2 times (x 73B)
Class kotlin.jvm.internal.DefaultConstructorMarker                                    : loaded 2 times (x 67B)
Class org.gradle.api.specs.Spec                                                       : loaded 2 times (x 66B)
Class org.gradle.internal.time.Clock                                                  : loaded 2 times (x 66B)
Class kotlin.collections.AbstractList                                                 : loaded 2 times (x 193B)
Class kotlin.collections.AbstractCollection                                           : loaded 2 times (x 113B)
Class org.gradle.internal.classloader.VisitableURLClassLoader$InstrumentingVisitableURLClassLoader: loaded 2 times (x 119B)
Class org.gradle.internal.classloader.VisitableURLClassLoader$Spec                    : loaded 2 times (x 70B)
Class org.gradle.internal.classpath.DefaultClassPath                                  : loaded 2 times (x 86B)
Class org.gradle.internal.classloader.ClassLoaderSpec                                 : loaded 2 times (x 67B)
Class Settings_gradle$1$1                                                             : loaded 2 times (x 70B)
Class kotlin.Unit                                                                     : loaded 2 times (x 67B)
Class org.gradle.internal.classloader.VisitableURLClassLoader                         : loaded 2 times (x 113B)
Class Settings_gradle                                                                 : loaded 2 times (x 124B)
Class org.gradle.internal.Cast                                                        : loaded 2 times (x 67B)
Class org.gradle.api.Action                                                           : loaded 2 times (x 66B)
Class kotlin.jvm.functions.Function1                                                  : loaded 2 times (x 66B)
Class org.gradle.internal.classpath.DefaultClassPath$ImmutableUniqueList$Builder      : loaded 2 times (x 71B)
Class kotlin.NotImplementedError                                                      : loaded 2 times (x 78B)
Class org.gradle.internal.exceptions.NonGradleCauseExceptionsHolder                   : loaded 2 times (x 66B)
Class org.jetbrains.plugins.gradle.tooling.ModelBuilderService$Parameter              : loaded 2 times (x 66B)
Class kotlin.enums.EnumEntriesKt                                                      : loaded 2 times (x 67B)
Class org.gradle.internal.IoActions                                                   : loaded 2 times (x 67B)
Class org.gradle.internal.classloader.SystemClassLoaderSpec                           : loaded 2 times (x 67B)
Class org.gradle.internal.exceptions.MultiCauseException                              : loaded 2 times (x 66B)
Class org.gradle.internal.time.CountdownTimer                                         : loaded 2 times (x 66B)
Class kotlin.jvm.internal.Intrinsics                                                  : loaded 2 times (x 67B)
Class org.gradle.tooling.model.ProjectModel                                           : loaded 2 times (x 66B)
Class sync_studio_tooling_sviclldifj9vr18aattbfedz                                    : loaded 2 times (x 175B)
Class kotlin.KotlinNullPointerException                                               : loaded 2 times (x 79B)
Class org.jetbrains.plugins.gradle.model.tests.ExternalTestsModel                     : loaded 2 times (x 66B)
Class org.gradle.internal.exceptions.DefaultMultiCauseException                       : loaded 2 times (x 91B)
Class org.gradle.internal.time.Time                                                   : loaded 2 times (x 67B)
Class org.jetbrains.plugins.gradle.model.DependencyAccessorsModel                     : loaded 2 times (x 66B)
Class org.gradle.api.internal.classpath.GlobalCacheRootsProvider                      : loaded 2 times (x 66B)
Class org.jetbrains.kotlin.idea.gradleTooling.KotlinMPPGradleModel                    : loaded 2 times (x 66B)
Class ijInit1_2l42ij0m6akgsjmkikp9iz06h                                               : loaded 2 times (x 175B)
Class org.gradle.tooling.model.BuildIdentifier                                        : loaded 2 times (x 66B)
Class org.jetbrains.kotlin.idea.gradleTooling.PrepareKotlinIdeImportTaskModel         : loaded 2 times (x 66B)
Class org.gradle.internal.time.Timer                                                  : loaded 2 times (x 66B)
Class kotlin.jvm.internal.markers.KMappedMarker                                       : loaded 2 times (x 66B)
Class org.gradle.internal.installation.CurrentGradleInstallationLocator               : loaded 2 times (x 67B)
Class org.gradle.internal.service.DefaultServiceLocator                               : loaded 2 times (x 79B)
Class org.gradle.util.GradleVersion                                                   : loaded 2 times (x 75B)
Class org.gradle.internal.installation.CurrentGradleInstallation                      : loaded 2 times (x 69B)
Class org.jetbrains.plugins.gradle.javaModel.JavaGradleManifestModel                  : loaded 2 times (x 66B)
Class org.gradle.util.internal.GUtil                                                  : loaded 2 times (x 67B)
Class org.gradle.internal.installation.GradleInstallation                             : loaded 2 times (x 71B)

---------------  S Y S T E M  ---------------

OS:
 Windows 11 , 64 bit Build 26100 (10.0.26100.5074)
OS uptime: 1 days 21:46 hours
Hyper-V role detected

CPU: total 16 (initial active 16) (16 cores per cpu, 2 threads per core) family 23 model 104 stepping 1 microcode 0x8608104, cx8, cmov, fxsr, ht, mmx, 3dnowpref, sse, sse2, sse3, ssse3, sse4a, sse4.1, sse4.2, popcnt, lzcnt, tsc, tscinvbit, avx, avx2, aes, clmul, bmi1, bmi2, adx, sha, fma, vzeroupper, clflush, clflushopt, hv, rdtscp, rdpid, f16c
Processor Information for the first 16 processors :
  Max Mhz: 1801, Current Mhz: 1801, Mhz Limit: 1801

Memory: 4k page, system-wide physical 15706M (2155M free)
TotalPageFile size 19802M (AvailPageFile size 9M)
current process WorkingSet (physical memory assigned to process): 402M, peak: 402M
current process commit charge ("private bytes"): 444M, peak: 446M

vm_info: OpenJDK 64-Bit Server VM (21.0.6+-13391695-b895.109) for windows-amd64 JRE (21.0.6+-13391695-b895.109), built on 2025-04-22T21:19:17Z by "builder" with MS VC++ 16.10 / 16.11 (VS2019)

END.
